2026-06-15 20:22:37,826 INFO o.a.j.u.JMeterUtils: Setting Locale to en_EN
2026-06-15 20:22:37,851 INFO o.a.j.JMeter: Loading user properties from: E:\Users\28159\Downloads\apache-jmeter-5.6.3\apache-jmeter-5.6.3\bin\user.properties
2026-06-15 20:22:37,852 INFO o.a.j.JMeter: Loading system properties from: E:\Users\28159\Downloads\apache-jmeter-5.6.3\apache-jmeter-5.6.3\bin\system.properties
2026-06-15 20:22:37,860 INFO o.a.j.JMeter: Copyright (c) 1998-2024 The Apache Software Foundation
2026-06-15 20:22:37,860 INFO o.a.j.JMeter: Version 5.6.3
2026-06-15 20:22:37,860 INFO o.a.j.JMeter: java.version=17.0.12
2026-06-15 20:22:37,860 INFO o.a.j.JMeter: java.vm.name=Java HotSpot(TM) 64-Bit Server VM
2026-06-15 20:22:37,860 INFO o.a.j.JMeter: os.name=Windows 11
2026-06-15 20:22:37,860 INFO o.a.j.JMeter: os.arch=amd64
2026-06-15 20:22:37,860 INFO o.a.j.JMeter: os.version=10.0
2026-06-15 20:22:37,860 INFO o.a.j.JMeter: file.encoding=GBK
2026-06-15 20:22:37,860 INFO o.a.j.JMeter: java.awt.headless=true
2026-06-15 20:22:37,860 INFO o.a.j.JMeter: Max memory     =1073741824
2026-06-15 20:22:37,861 INFO o.a.j.JMeter: Available Processors =8
2026-06-15 20:22:37,870 INFO o.a.j.JMeter: Default Locale=English (EN)
2026-06-15 20:22:37,870 INFO o.a.j.JMeter: JMeter  Locale=English (EN)
2026-06-15 20:22:37,870 INFO o.a.j.JMeter: JMeterHome=E:\Users\28159\Downloads\apache-jmeter-5.6.3\apache-jmeter-5.6.3
2026-06-15 20:22:37,870 INFO o.a.j.JMeter: user.dir  =E:\Workspace\test_helper\outputs\scripts
2026-06-15 20:22:37,871 INFO o.a.j.JMeter: PWD       =E:\Workspace\test_helper\outputs\scripts
2026-06-15 20:22:37,874 INFO o.a.j.JMeter: IP: 192.168.100.1 Name: LAPTOP-0QSAUJBF FullName: LAPTOP-0QSAUJBF
2026-06-15 20:22:37,903 INFO o.a.j.s.FileServer: Default base='E:\Workspace\test_helper\outputs\scripts'
2026-06-15 20:22:37,904 INFO o.a.j.s.FileServer: Set new base='E:\Workspace\test_helper\outputs\scripts\.'
2026-06-15 20:22:38,092 INFO o.a.j.s.SaveService: Testplan (JMX) version: 2.2. Testlog (JTL) version: 2.2
2026-06-15 20:22:38,118 INFO o.a.j.s.SaveService: Using SaveService properties version 5.0
2026-06-15 20:22:38,121 INFO o.a.j.s.SaveService: Using SaveService properties file encoding UTF-8
2026-06-15 20:22:38,124 INFO o.a.j.s.SaveService: Loading file: .\test_jmeter_20260615_201521.jmx
2026-06-15 20:22:38,178 INFO o.a.j.p.h.s.HTTPSamplerBase: Parser for text/html is org.apache.jmeter.protocol.http.parser.LagartoBasedHtmlParser
2026-06-15 20:22:38,178 INFO o.a.j.p.h.s.HTTPSamplerBase: Parser for application/xhtml+xml is org.apache.jmeter.protocol.http.parser.LagartoBasedHtmlParser
2026-06-15 20:22:38,178 INFO o.a.j.p.h.s.HTTPSamplerBase: Parser for application/xml is org.apache.jmeter.protocol.http.parser.LagartoBasedHtmlParser
2026-06-15 20:22:38,178 INFO o.a.j.p.h.s.HTTPSamplerBase: Parser for text/xml is org.apache.jmeter.protocol.http.parser.LagartoBasedHtmlParser
2026-06-15 20:22:38,179 INFO o.a.j.p.h.s.HTTPSamplerBase: Parser for text/vnd.wap.wml is org.apache.jmeter.protocol.http.parser.RegexpHTMLParser
2026-06-15 20:22:38,179 INFO o.a.j.p.h.s.HTTPSamplerBase: Parser for text/css is org.apache.jmeter.protocol.http.parser.CssParser
2026-06-15 20:22:38,203 INFO o.a.j.JMeter: Creating summariser <summary>
2026-06-15 20:22:38,213 INFO o.a.j.e.StandardJMeterEngine: Running the test!
2026-06-15 20:22:38,214 INFO o.a.j.s.SampleEvent: List of sample_variables: []
2026-06-15 20:22:38,214 INFO o.a.j.s.SampleEvent: List of sample_variables: []
2026-06-15 20:22:38,218 INFO o.a.j.e.u.CompoundVariable: Note: Function class names must contain the string: '.functions.'
2026-06-15 20:22:38,218 INFO o.a.j.e.u.CompoundVariable: Note: Function class names must not contain the string: '.gui.'
2026-06-15 20:22:38,296 INFO o.a.j.JMeter: Running test (1781526158296)
2026-06-15 20:22:38,311 INFO o.a.j.e.StandardJMeterEngine: Starting ThreadGroup: 1 : 登录与注册测试线程组
2026-06-15 20:22:38,311 INFO o.a.j.e.StandardJMeterEngine: Starting 1 threads for group 登录与注册测试线程组.
2026-06-15 20:22:38,311 INFO o.a.j.e.StandardJMeterEngine: Thread will continue on error
2026-06-15 20:22:38,311 INFO o.a.j.t.ThreadGroup: Starting thread group... number=1 threads=1 ramp-up=1 delayedStart=false
2026-06-15 20:22:38,317 INFO o.a.j.t.ThreadGroup: Started thread group number 1
2026-06-15 20:22:38,317 INFO o.a.j.e.StandardJMeterEngine: All thread groups have been started
2026-06-15 20:22:38,320 ERROR o.a.j.t.JMeterThread: Test failed!
java.util.NoSuchElementException: Property ThreadGroup.main_controller is unset for element org.apache.jmeter.threads.ThreadGroup@189b37b1
	at org.apache.jmeter.testelement.TestElement.get(TestElement.kt:452) ~[ApacheJMeter_core.jar:5.6.3]
	at org.apache.jmeter.threads.AbstractThreadGroup.getSamplerController(AbstractThreadGroup.java:118) ~[ApacheJMeter_core.jar:5.6.3]
	at org.apache.jmeter.threads.AbstractThreadGroup.addTestElement(AbstractThreadGroup.java:140) ~[ApacheJMeter_core.jar:5.6.3]
	at org.apache.jmeter.threads.AbstractThreadGroup.addTestElementOnce(AbstractThreadGroup.java:150) ~[ApacheJMeter_core.jar:5.6.3]
	at org.apache.jmeter.threads.TestCompiler.subtractNode(TestCompiler.java:153) ~[ApacheJMeter_core.jar:5.6.3]
	at org.apache.jorphan.collections.HashTree.traverseInto(HashTree.java:1033) ~[jorphan.jar:5.6.3]
	at org.apache.jorphan.collections.HashTree.traverseInto(HashTree.java:1030) ~[jorphan.jar:5.6.3]
	at org.apache.jorphan.collections.HashTree.traverse(HashTree.java:1012) ~[jorphan.jar:5.6.3]
	at org.apache.jmeter.threads.JMeterThread.initRun(JMeterThread.java:737) ~[ApacheJMeter_core.jar:5.6.3]
	at org.apache.jmeter.threads.JMeterThread.run(JMeterThread.java:264) [ApacheJMeter_core.jar:5.6.3]
	at java.base/java.lang.Thread.run(Thread.java:842) [?:?]
2026-06-15 20:22:38,329 INFO o.a.j.t.JMeterThread: Thread finished: 登录与注册测试线程组 1-1
2026-06-15 20:22:38,330 INFO o.a.j.e.StandardJMeterEngine: Notifying test listeners of end of test
2026-06-15 20:22:38,331 INFO o.a.j.r.Summariser: summary =      0 in 00:00:00 = ******/s Avg:     0 Min: 9223372036854775807 Max: -9223372036854775808 Err:     0 (0.00%)
