2026-06-15 20:59:49,091 INFO o.a.j.u.JMeterUtils: Setting Locale to en_EN
2026-06-15 20:59:49,120 INFO o.a.j.JMeter: Loading user properties from: E:\Workspace\test_helper\apache-jmeter-5.6.3\bin\user.properties
2026-06-15 20:59:49,120 INFO o.a.j.JMeter: Loading system properties from: E:\Workspace\test_helper\apache-jmeter-5.6.3\bin\system.properties
2026-06-15 20:59:49,126 INFO o.a.j.JMeter: Copyright (c) 1998-2024 The Apache Software Foundation
2026-06-15 20:59:49,129 INFO o.a.j.JMeter: Version 5.6.3
2026-06-15 20:59:49,130 INFO o.a.j.JMeter: java.version=17.0.12
2026-06-15 20:59:49,130 INFO o.a.j.JMeter: java.vm.name=Java HotSpot(TM) 64-Bit Server VM
2026-06-15 20:59:49,130 INFO o.a.j.JMeter: os.name=Windows 11
2026-06-15 20:59:49,130 INFO o.a.j.JMeter: os.arch=amd64
2026-06-15 20:59:49,130 INFO o.a.j.JMeter: os.version=10.0
2026-06-15 20:59:49,130 INFO o.a.j.JMeter: file.encoding=GBK
2026-06-15 20:59:49,130 INFO o.a.j.JMeter: java.awt.headless=true
2026-06-15 20:59:49,130 INFO o.a.j.JMeter: Max memory     =1073741824
2026-06-15 20:59:49,131 INFO o.a.j.JMeter: Available Processors =8
2026-06-15 20:59:49,141 INFO o.a.j.JMeter: Default Locale=English (EN)
2026-06-15 20:59:49,141 INFO o.a.j.JMeter: JMeter  Locale=English (EN)
2026-06-15 20:59:49,141 INFO o.a.j.JMeter: JMeterHome=E:\Workspace\test_helper\apache-jmeter-5.6.3
2026-06-15 20:59:49,141 INFO o.a.j.JMeter: user.dir  =E:\Workspace\test_helper
2026-06-15 20:59:49,141 INFO o.a.j.JMeter: PWD       =E:\Workspace\test_helper
2026-06-15 20:59:49,145 INFO o.a.j.JMeter: IP: 192.168.100.1 Name: LAPTOP-0QSAUJBF FullName: LAPTOP-0QSAUJBF
2026-06-15 20:59:49,161 INFO o.a.j.JMeter: Setting property 'jmeter.reportgenerator.outputdir' to:'E:\Workspace\test_helper\outputs\jmeter_results\report_20260615_205947'
2026-06-15 20:59:49,164 INFO o.a.j.s.FileServer: Default base='E:\Workspace\test_helper'
2026-06-15 20:59:49,165 INFO o.a.j.s.FileServer: Set new base='E:\Workspace\test_helper\outputs\scripts'
2026-06-15 20:59:49,361 INFO o.a.j.s.SaveService: Testplan (JMX) version: 2.2. Testlog (JTL) version: 2.2
2026-06-15 20:59:49,386 INFO o.a.j.s.SaveService: Using SaveService properties version 5.0
2026-06-15 20:59:49,388 INFO o.a.j.s.SaveService: Using SaveService properties file encoding UTF-8
2026-06-15 20:59:49,390 INFO o.a.j.s.SaveService: Loading file: E:\Workspace\test_helper\outputs\scripts\test_jmeter_20260615_205759.jmx
2026-06-15 20:59:49,437 INFO o.a.j.p.h.s.HTTPSamplerBase: Parser for text/html is org.apache.jmeter.protocol.http.parser.LagartoBasedHtmlParser
2026-06-15 20:59:49,437 INFO o.a.j.p.h.s.HTTPSamplerBase: Parser for application/xhtml+xml is org.apache.jmeter.protocol.http.parser.LagartoBasedHtmlParser
2026-06-15 20:59:49,437 INFO o.a.j.p.h.s.HTTPSamplerBase: Parser for application/xml is org.apache.jmeter.protocol.http.parser.LagartoBasedHtmlParser
2026-06-15 20:59:49,437 INFO o.a.j.p.h.s.HTTPSamplerBase: Parser for text/xml is org.apache.jmeter.protocol.http.parser.LagartoBasedHtmlParser
2026-06-15 20:59:49,437 INFO o.a.j.p.h.s.HTTPSamplerBase: Parser for text/vnd.wap.wml is org.apache.jmeter.protocol.http.parser.RegexpHTMLParser
2026-06-15 20:59:49,437 INFO o.a.j.p.h.s.HTTPSamplerBase: Parser for text/css is org.apache.jmeter.protocol.http.parser.CssParser
2026-06-15 20:59:49,471 INFO o.a.j.JMeter: Creating summariser <summary>
2026-06-15 20:59:49,475 INFO o.a.j.r.d.ReportGenerator: ReportGenerator will use for Parsing the separator: ','
2026-06-15 20:59:49,475 INFO o.a.j.r.d.ReportGenerator: Will generate report at end of test from  results file: E:\Workspace\test_helper\outputs\jmeter_results\result_20260615_205947.jtl
2026-06-15 20:59:49,475 INFO o.a.j.r.d.ReportGenerator: Reading report generator properties from: E:\Workspace\test_helper\apache-jmeter-5.6.3\bin\reportgenerator.properties
2026-06-15 20:59:49,475 INFO o.a.j.r.d.ReportGenerator: Merging with JMeter properties
2026-06-15 20:59:49,481 INFO o.a.j.r.c.ReportGeneratorConfiguration: Property 'jmeter.reportgenerator.temp_dir' not found, using default value 'temp' instead.
2026-06-15 20:59:49,483 INFO o.a.j.r.c.ReportGeneratorConfiguration: Property 'jmeter.reportgenerator.apdex_per_transaction' not found, using default value 'null' instead.
2026-06-15 20:59:49,483 INFO o.a.j.r.c.ReportGeneratorConfiguration: apdex_per_transaction is empty, not APDEX per transaction customization
2026-06-15 20:59:49,483 INFO o.a.j.r.c.ReportGeneratorConfiguration: Property 'jmeter.reportgenerator.sample_filter' not found, using default value 'null' instead.
2026-06-15 20:59:49,483 INFO o.a.j.r.c.ReportGeneratorConfiguration: Property 'jmeter.reportgenerator.report_title' not found, using default value 'null' instead.
2026-06-15 20:59:49,483 INFO o.a.j.r.c.ReportGeneratorConfiguration: Property 'jmeter.reportgenerator.start_date' not found, using default value 'null' instead.
2026-06-15 20:59:49,483 INFO o.a.j.r.c.ReportGeneratorConfiguration: Property 'jmeter.reportgenerator.end_date' not found, using default value 'null' instead.
2026-06-15 20:59:49,483 INFO o.a.j.r.c.ReportGeneratorConfiguration: Property 'jmeter.reportgenerator.date_format' not found, using default value 'null' instead.
2026-06-15 20:59:49,483 INFO o.a.j.r.c.ReportGeneratorConfiguration: Will use date range start date: null, end date: null
2026-06-15 20:59:49,487 INFO o.a.j.r.c.ReportGeneratorConfiguration: Property 'jmeter.reportgenerator.graph.totalTPS.exclude_controllers' not found, using default value 'false' instead.
2026-06-15 20:59:49,487 INFO o.a.j.r.c.ReportGeneratorConfiguration: Property 'jmeter.reportgenerator.graph.activeThreadsOverTime.exclude_controllers' not found, using default value 'false' instead.
2026-06-15 20:59:49,487 INFO o.a.j.r.c.ReportGeneratorConfiguration: Property 'jmeter.reportgenerator.graph.timeVsThreads.exclude_controllers' not found, using default value 'false' instead.
2026-06-15 20:59:49,487 INFO o.a.j.r.c.ReportGeneratorConfiguration: Property 'jmeter.reportgenerator.graph.responseTimeDistribution.exclude_controllers' not found, using default value 'false' instead.
2026-06-15 20:59:49,487 INFO o.a.j.r.c.ReportGeneratorConfiguration: Property 'jmeter.reportgenerator.graph.transactionsPerSecond.exclude_controllers' not found, using default value 'false' instead.
2026-06-15 20:59:49,488 INFO o.a.j.r.c.ReportGeneratorConfiguration: Property 'jmeter.reportgenerator.graph.responseTimePercentiles.exclude_controllers' not found, using default value 'false' instead.
2026-06-15 20:59:49,488 INFO o.a.j.r.c.ReportGeneratorConfiguration: Property 'jmeter.reportgenerator.graph.responseTimePercentilesOverTime.exclude_controllers' not found, using default value 'false' instead.
2026-06-15 20:59:49,488 INFO o.a.j.r.c.ReportGeneratorConfiguration: Property 'jmeter.reportgenerator.graph.responseTimesOverTime.exclude_controllers' not found, using default value 'false' instead.
2026-06-15 20:59:49,488 INFO o.a.j.r.c.ReportGeneratorConfiguration: Property 'jmeter.reportgenerator.graph.connectTimeOverTime.exclude_controllers' not found, using default value 'false' instead.
2026-06-15 20:59:49,488 INFO o.a.j.r.c.ReportGeneratorConfiguration: Property 'jmeter.reportgenerator.graph.latenciesOverTime.exclude_controllers' not found, using default value 'false' instead.
2026-06-15 20:59:49,488 INFO o.a.j.r.c.ReportGeneratorConfiguration: Property 'jmeter.reportgenerator.exporter.json.filters_only_sample_series' not found, using default value 'true' instead.
2026-06-15 20:59:49,488 INFO o.a.j.r.c.ReportGeneratorConfiguration: Property 'jmeter.reportgenerator.exporter.json.series_filter' not found, using default value '' instead.
2026-06-15 20:59:49,489 INFO o.a.j.r.c.ReportGeneratorConfiguration: Property 'jmeter.reportgenerator.exporter.json.show_controllers_only' not found, using default value 'false' instead.
2026-06-15 20:59:49,489 INFO o.a.j.r.c.ReportGeneratorConfiguration: Property 'jmeter.reportgenerator.exporter.html.filters_only_sample_series' not found, using default value 'true' instead.
2026-06-15 20:59:49,489 INFO o.a.j.r.c.ReportGeneratorConfiguration: Property 'jmeter.reportgenerator.exporter.html.series_filter' not found, using default value '' instead.
2026-06-15 20:59:49,489 INFO o.a.j.r.c.ReportGeneratorConfiguration: Property 'jmeter.reportgenerator.exporter.html.show_controllers_only' not found, using default value 'false' instead.
2026-06-15 20:59:49,500 INFO o.a.j.e.StandardJMeterEngine: Running the test!
2026-06-15 20:59:49,501 INFO o.a.j.s.SampleEvent: List of sample_variables: []
2026-06-15 20:59:49,501 INFO o.a.j.s.SampleEvent: List of sample_variables: []
2026-06-15 20:59:49,505 INFO o.a.j.e.u.CompoundVariable: Note: Function class names must contain the string: '.functions.'
2026-06-15 20:59:49,505 INFO o.a.j.e.u.CompoundVariable: Note: Function class names must not contain the string: '.gui.'
2026-06-15 20:59:49,583 INFO o.a.j.JMeter: Running test (1781528389583)
2026-06-15 20:59:49,597 INFO o.a.j.e.StandardJMeterEngine: Starting ThreadGroup: 1 : 登录功能测试线程组
2026-06-15 20:59:49,597 INFO o.a.j.e.StandardJMeterEngine: Starting 1 threads for group 登录功能测试线程组.
2026-06-15 20:59:49,597 INFO o.a.j.e.StandardJMeterEngine: Thread will continue on error
2026-06-15 20:59:49,597 INFO o.a.j.t.ThreadGroup: Starting thread group... number=1 threads=1 ramp-up=1 delayedStart=false
2026-06-15 20:59:49,601 INFO o.a.j.t.ThreadGroup: Started thread group number 1
2026-06-15 20:59:49,602 INFO o.a.j.e.StandardJMeterEngine: All thread groups have been started
2026-06-15 20:59:49,604 ERROR o.a.j.t.JMeterThread: Test failed!
java.util.NoSuchElementException: Property ThreadGroup.main_controller is unset for element org.apache.jmeter.threads.ThreadGroup@45104d90
	at org.apache.jmeter.testelement.TestElement.get(TestElement.kt:452) ~[ApacheJMeter_core.jar:5.6.3]
	at org.apache.jmeter.threads.AbstractThreadGroup.getSamplerController(AbstractThreadGroup.java:118) ~[ApacheJMeter_core.jar:5.6.3]
	at org.apache.jmeter.threads.AbstractThreadGroup.addTestElement(AbstractThreadGroup.java:140) ~[ApacheJMeter_core.jar:5.6.3]
	at org.apache.jmeter.threads.AbstractThreadGroup.addTestElementOnce(AbstractThreadGroup.java:150) ~[ApacheJMeter_core.jar:5.6.3]
	at org.apache.jmeter.threads.TestCompiler.subtractNode(TestCompiler.java:153) ~[ApacheJMeter_core.jar:5.6.3]
	at org.apache.jorphan.collections.HashTree.traverseInto(HashTree.java:1033) ~[jorphan.jar:5.6.3]
	at org.apache.jorphan.collections.HashTree.traverseInto(HashTree.java:1030) ~[jorphan.jar:5.6.3]
	at org.apache.jorphan.collections.HashTree.traverse(HashTree.java:1012) ~[jorphan.jar:5.6.3]
	at org.apache.jmeter.threads.JMeterThread.initRun(JMeterThread.java:737) ~[ApacheJMeter_core.jar:5.6.3]
	at org.apache.jmeter.threads.JMeterThread.run(JMeterThread.java:264) [ApacheJMeter_core.jar:5.6.3]
	at java.base/java.lang.Thread.run(Thread.java:842) [?:?]
2026-06-15 20:59:49,613 INFO o.a.j.t.JMeterThread: Thread finished: 登录功能测试线程组 1-1
2026-06-15 20:59:49,614 INFO o.a.j.e.StandardJMeterEngine: Notifying test listeners of end of test
2026-06-15 20:59:49,614 INFO o.a.j.r.Summariser: summary =      0 in 00:00:00 = ******/s Avg:     0 Min: 9223372036854775807 Max: -9223372036854775808 Err:     0 (0.00%)
2026-06-15 20:59:49,615 INFO o.a.j.JMeter: Generating Dashboard
2026-06-15 20:59:49,615 INFO o.a.j.r.d.ReportGenerator: Flushing result collector before report Generation
2026-06-15 20:59:49,625 INFO o.a.j.r.p.NormalizerSampleConsumer: Using format, 'ms', to parse timeStamp field
2026-06-15 20:59:49,814 INFO o.a.j.r.p.AbstractSampleConsumer: class org.apache.jmeter.report.processor.AggregateConsumer#stopProducing(): beginDate produced 0 samples
2026-06-15 20:59:49,815 INFO o.a.j.r.p.AbstractSampleConsumer: class org.apache.jmeter.report.processor.AggregateConsumer#stopProducing(): endDate produced 0 samples
2026-06-15 20:59:49,815 INFO o.a.j.r.p.AbstractSampleConsumer: class org.apache.jmeter.report.processor.ApdexSummaryConsumer#stopProducing(): apdexSummary produced 0 samples
2026-06-15 20:59:49,815 INFO o.a.j.r.p.AbstractSampleConsumer: class org.apache.jmeter.report.processor.RequestsSummaryConsumer#stopProducing(): requestsSummary produced 0 samples
2026-06-15 20:59:49,815 INFO o.a.j.r.p.AbstractSampleConsumer: class org.apache.jmeter.report.processor.StatisticsSummaryConsumer#stopProducing(): statisticsSummary produced 0 samples
2026-06-15 20:59:49,815 INFO o.a.j.r.p.AbstractSampleConsumer: class org.apache.jmeter.report.processor.Top5ErrorsBySamplerConsumer#stopProducing(): top5ErrorsBySampler produced 0 samples
2026-06-15 20:59:49,815 INFO o.a.j.r.p.AbstractSampleConsumer: class org.apache.jmeter.report.processor.ErrorsSummaryConsumer#stopProducing(): errorsSummary produced 0 samples
2026-06-15 20:59:49,815 INFO o.a.j.r.p.AbstractSampleConsumer: class org.apache.jmeter.report.processor.graph.impl.HitsPerSecondGraphConsumer#stopProducing(): hitsPerSecond produced 0 samples
2026-06-15 20:59:49,826 INFO o.a.j.r.p.AbstractSampleConsumer: class org.apache.jmeter.report.processor.graph.impl.LatencyVSRequestGraphConsumer#stopProducing(): latencyVsRequest produced 0 samples
2026-06-15 20:59:49,826 INFO o.a.j.r.p.AbstractSampleConsumer: class org.apache.jmeter.report.processor.graph.impl.SyntheticResponseTimeDistributionGraphConsumer#stopProducing(): syntheticResponseTimeDistribution produced 0 samples
2026-06-15 20:59:49,826 INFO o.a.j.r.p.AbstractSampleConsumer: class org.apache.jmeter.report.processor.graph.impl.BytesThroughputGraphConsumer#stopProducing(): bytesThroughputOverTime produced 0 samples
2026-06-15 20:59:49,827 INFO o.a.j.r.p.AbstractSampleConsumer: class org.apache.jmeter.report.processor.graph.impl.CodesPerSecondGraphConsumer#stopProducing(): codesPerSecond produced 0 samples
2026-06-15 20:59:49,831 INFO o.a.j.r.p.AbstractSampleConsumer: class org.apache.jmeter.report.processor.graph.impl.ResponseTimeVSRequestGraphConsumer#stopProducing(): responseTimeVsRequest produced 0 samples
2026-06-15 20:59:49,831 INFO o.a.j.r.p.AbstractSampleConsumer: class org.apache.jmeter.report.processor.FilterConsumer#stopProducing(): startIntervalControlerFilter produced 0 samples
2026-06-15 20:59:49,831 INFO o.a.j.r.p.AbstractSampleConsumer: class org.apache.jmeter.report.processor.graph.impl.TotalTPSGraphConsumer#stopProducing(): totalTPS produced 0 samples
2026-06-15 20:59:49,831 INFO o.a.j.r.p.AbstractSampleConsumer: class org.apache.jmeter.report.processor.graph.impl.ActiveThreadsGraphConsumer#stopProducing(): activeThreadsOverTime produced 0 samples
2026-06-15 20:59:49,831 INFO o.a.j.r.p.AbstractSampleConsumer: class org.apache.jmeter.report.processor.graph.impl.TimeVSThreadGraphConsumer#stopProducing(): timeVsThreads produced 0 samples
2026-06-15 20:59:49,831 INFO o.a.j.r.p.AbstractSampleConsumer: class org.apache.jmeter.report.processor.graph.impl.ResponseTimeDistributionGraphConsumer#stopProducing(): responseTimeDistribution produced 0 samples
2026-06-15 20:59:49,831 INFO o.a.j.r.p.AbstractSampleConsumer: class org.apache.jmeter.report.processor.graph.impl.TransactionsPerSecondGraphConsumer#stopProducing(): transactionsPerSecond produced 0 samples
2026-06-15 20:59:49,831 INFO o.a.j.r.p.AbstractSampleConsumer: class org.apache.jmeter.report.processor.graph.impl.ResponseTimePercentilesGraphConsumer#stopProducing(): responseTimePercentiles produced 0 samples
2026-06-15 20:59:49,831 INFO o.a.j.r.p.AbstractSampleConsumer: class org.apache.jmeter.report.processor.graph.impl.ResponseTimePercentilesOverTimeGraphConsumer#stopProducing(): responseTimePercentilesOverTime produced 0 samples
2026-06-15 20:59:49,832 INFO o.a.j.r.p.AbstractSampleConsumer: class org.apache.jmeter.report.processor.graph.impl.ResponseTimeOverTimeGraphConsumer#stopProducing(): responseTimesOverTime produced 0 samples
2026-06-15 20:59:49,832 INFO o.a.j.r.p.AbstractSampleConsumer: class org.apache.jmeter.report.processor.graph.impl.ConnectTimeOverTimeGraphConsumer#stopProducing(): connectTimeOverTime produced 0 samples
2026-06-15 20:59:49,832 INFO o.a.j.r.p.AbstractSampleConsumer: class org.apache.jmeter.report.processor.graph.impl.LatencyOverTimeGraphConsumer#stopProducing(): latenciesOverTime produced 0 samples
2026-06-15 20:59:49,832 INFO o.a.j.r.p.AbstractSampleConsumer: class org.apache.jmeter.report.processor.FilterConsumer#stopProducing(): nameFilter produced 0 samples
2026-06-15 20:59:49,832 INFO o.a.j.r.p.AbstractSampleConsumer: class org.apache.jmeter.report.processor.FilterConsumer#stopProducing(): dateRangeFilter produced 0 samples
2026-06-15 20:59:49,832 INFO o.a.j.r.p.AbstractSampleConsumer: class org.apache.jmeter.report.processor.NormalizerSampleConsumer#stopProducing(): normalizer produced 0 samples
2026-06-15 20:59:49,833 INFO o.a.j.r.p.CsvFileSampleSource: produce(): 0 samples produced in 185ms on channel 0
2026-06-15 20:59:49,833 INFO o.a.j.r.d.ReportGenerator: Exporting data using exporter:'json' of className:'org.apache.jmeter.report.dashboard.JsonExporter'
2026-06-15 20:59:49,903 INFO o.a.j.r.d.JsonExporter: Found data for consumer statisticsSummary?in context
2026-06-15 20:59:49,904 INFO o.a.j.r.d.JsonExporter: Creating statistics for overall
2026-06-15 20:59:49,906 ERROR o.a.j.JMeter: Error generating the report: Cannot invoke "org.apache.jmeter.report.processor.MapResultData.getResult(String)" because "resultData" is null
java.lang.NullPointerException: Cannot invoke "org.apache.jmeter.report.processor.MapResultData.getResult(String)" because "resultData" is null
	at org.apache.jmeter.report.dashboard.JsonExporter.createStatistic(JsonExporter.java:126) ~[ApacheJMeter_core.jar:5.6.3]
	at org.apache.jmeter.report.dashboard.JsonExporter.export(JsonExporter.java:77) ~[ApacheJMeter_core.jar:5.6.3]
	at org.apache.jmeter.report.dashboard.ReportGenerator.exportData(ReportGenerator.java:383) ~[ApacheJMeter_core.jar:5.6.3]
	at org.apache.jmeter.report.dashboard.ReportGenerator.generate(ReportGenerator.java:261) ~[ApacheJMeter_core.jar:5.6.3]
	at org.apache.jmeter.JMeter$ListenToTest.endTest(JMeter.java:1285) [ApacheJMeter_core.jar:5.6.3]
	at org.apache.jmeter.JMeter$ListenToTest.testEnded(JMeter.java:1240) [ApacheJMeter_core.jar:5.6.3]
	at org.apache.jmeter.engine.StandardJMeterEngine.notifyTestListenersOfEnd(StandardJMeterEngine.java:266) [ApacheJMeter_core.jar:5.6.3]
	at org.apache.jmeter.engine.StandardJMeterEngine.run(StandardJMeterEngine.java:543) [ApacheJMeter_core.jar:5.6.3]
	at java.base/java.util.concurrent.Executors$RunnableAdapter.call(Executors.java:539) [?:?]
	at java.base/java.util.concurrent.FutureTask.run(FutureTask.java:264) [?:?]
	at java.base/java.util.concurrent.ThreadPoolExecutor.runWorker(ThreadPoolExecutor.java:1136) [?:?]
	at java.base/java.util.concurrent.ThreadPoolExecutor$Worker.run(ThreadPoolExecutor.java:635) [?:?]
	at java.base/java.lang.Thread.run(Thread.java:842) [?:?]
