2026-06-13 11:29:37,326 INFO o.a.j.u.JMeterUtils: Setting Locale to en_EN
2026-06-13 11:29:37,348 INFO o.a.j.JMeter: Loading user properties from: user.properties
2026-06-13 11:29:37,349 INFO o.a.j.JMeter: Loading system properties from: system.properties
2026-06-13 11:29:37,357 INFO o.a.j.JMeter: Copyright (c) 1998-2024 The Apache Software Foundation
2026-06-13 11:29:37,357 INFO o.a.j.JMeter: Version 5.6.3
2026-06-13 11:29:37,357 INFO o.a.j.JMeter: java.version=17.0.12
2026-06-13 11:29:37,357 INFO o.a.j.JMeter: java.vm.name=Java HotSpot(TM) 64-Bit Server VM
2026-06-13 11:29:37,357 INFO o.a.j.JMeter: os.name=Windows 11
2026-06-13 11:29:37,357 INFO o.a.j.JMeter: os.arch=amd64
2026-06-13 11:29:37,357 INFO o.a.j.JMeter: os.version=10.0
2026-06-13 11:29:37,357 INFO o.a.j.JMeter: file.encoding=GBK
2026-06-13 11:29:37,358 INFO o.a.j.JMeter: java.awt.headless=null
2026-06-13 11:29:37,358 INFO o.a.j.JMeter: Max memory     =1073741824
2026-06-13 11:29:37,358 INFO o.a.j.JMeter: Available Processors =8
2026-06-13 11:29:37,366 INFO o.a.j.JMeter: Default Locale=English (EN)
2026-06-13 11:29:37,366 INFO o.a.j.JMeter: JMeter  Locale=English (EN)
2026-06-13 11:29:37,366 INFO o.a.j.JMeter: JMeterHome=E:\Users\28159\Downloads\apache-jmeter-5.6.3\apache-jmeter-5.6.3
2026-06-13 11:29:37,366 INFO o.a.j.JMeter: user.dir  =E:\Users\28159\Downloads\apache-jmeter-5.6.3\apache-jmeter-5.6.3\bin
2026-06-13 11:29:37,367 INFO o.a.j.JMeter: PWD       =E:\Users\28159\Downloads\apache-jmeter-5.6.3\apache-jmeter-5.6.3\bin
2026-06-13 11:29:37,371 INFO o.a.j.JMeter: IP: 192.168.100.1 Name: LAPTOP-0QSAUJBF FullName: LAPTOP-0QSAUJBF
2026-06-13 11:29:37,389 INFO o.a.j.JMeter: Loaded icon properties from org/apache/jmeter/images/icon.properties
2026-06-13 11:29:37,552 INFO o.a.j.JMeterGuiLauncher: Setting LAF to: com.github.weisj.darklaf.DarkLaf:com.github.weisj.darklaf.theme.DarculaTheme
2026-06-13 11:29:46,743 INFO o.a.j.s.FileServer: Default base='E:\Users\28159\Downloads\apache-jmeter-5.6.3\apache-jmeter-5.6.3\bin'
2026-06-13 11:29:46,745 INFO o.a.j.g.a.Load: Loading file: D:\电脑管家迁移文件\Work\全国水雨情信息.jmx
2026-06-13 11:29:46,745 INFO o.a.j.s.FileServer: Set new base='D:\电脑管家迁移文件\Work'
2026-06-13 11:29:46,894 INFO o.a.j.s.SaveService: Testplan (JMX) version: 2.2. Testlog (JTL) version: 2.2
2026-06-13 11:29:46,911 INFO o.a.j.s.SaveService: Using SaveService properties version 5.0
2026-06-13 11:29:46,913 INFO o.a.j.s.SaveService: Using SaveService properties file encoding UTF-8
2026-06-13 11:29:46,914 INFO o.a.j.s.SaveService: Loading file: D:\电脑管家迁移文件\Work\全国水雨情信息.jmx
2026-06-13 11:29:46,939 INFO o.a.j.p.h.s.HTTPSamplerBase: Parser for text/html is org.apache.jmeter.protocol.http.parser.LagartoBasedHtmlParser
2026-06-13 11:29:46,939 INFO o.a.j.p.h.s.HTTPSamplerBase: Parser for application/xhtml+xml is org.apache.jmeter.protocol.http.parser.LagartoBasedHtmlParser
2026-06-13 11:29:46,939 INFO o.a.j.p.h.s.HTTPSamplerBase: Parser for application/xml is org.apache.jmeter.protocol.http.parser.LagartoBasedHtmlParser
2026-06-13 11:29:46,939 INFO o.a.j.p.h.s.HTTPSamplerBase: Parser for text/xml is org.apache.jmeter.protocol.http.parser.LagartoBasedHtmlParser
2026-06-13 11:29:46,939 INFO o.a.j.p.h.s.HTTPSamplerBase: Parser for text/vnd.wap.wml is org.apache.jmeter.protocol.http.parser.RegexpHTMLParser
2026-06-13 11:29:46,939 INFO o.a.j.p.h.s.HTTPSamplerBase: Parser for text/css is org.apache.jmeter.protocol.http.parser.CssParser
2026-06-13 11:29:47,124 INFO o.a.j.s.SampleResult: Note: Sample TimeStamps are START times
2026-06-13 11:29:47,124 INFO o.a.j.s.SampleResult: sampleresult.default.encoding is set to UTF-8
2026-06-13 11:29:47,124 INFO o.a.j.s.SampleResult: sampleresult.useNanoTime=true
2026-06-13 11:29:47,124 INFO o.a.j.s.SampleResult: sampleresult.nanoThreadSleep=5000
2026-06-13 11:29:47,565 INFO o.a.j.s.FileServer: Set new base='D:\电脑管家迁移文件\Work'
2026-06-13 11:30:37,376 INFO o.a.j.e.StandardJMeterEngine: Running the test!
2026-06-13 11:30:37,377 INFO o.a.j.s.SampleEvent: List of sample_variables: []
2026-06-13 11:30:37,377 INFO o.a.j.s.SampleEvent: List of sample_variables: []
2026-06-13 11:30:37,377 INFO o.a.j.e.u.CompoundVariable: Note: Function class names must contain the string: '.functions.'
2026-06-13 11:30:37,378 INFO o.a.j.e.u.CompoundVariable: Note: Function class names must not contain the string: '.gui.'
2026-06-13 11:30:37,431 INFO o.a.j.g.u.JMeterMenuBar: setRunning(true, *local*)
2026-06-13 11:30:37,456 INFO o.a.j.e.StandardJMeterEngine: Starting ThreadGroup: 1 : 大江大河
2026-06-13 11:30:37,457 INFO o.a.j.e.StandardJMeterEngine: Starting 50 threads for group 大江大河.
2026-06-13 11:30:37,457 INFO o.a.j.e.StandardJMeterEngine: Thread will continue on error
2026-06-13 11:30:37,457 INFO o.a.j.t.ThreadGroup: Starting thread group... number=1 threads=50 ramp-up=0 delayedStart=false
2026-06-13 11:30:37,460 INFO o.a.j.t.JMeterThread: Thread started: 大江大河 1-1
2026-06-13 11:30:37,460 INFO o.a.j.t.JMeterThread: Thread started: 大江大河 1-2
2026-06-13 11:30:37,462 INFO o.a.j.t.JMeterThread: Thread started: 大江大河 1-3
2026-06-13 11:30:37,462 INFO o.a.j.t.JMeterThread: Thread started: 大江大河 1-5
2026-06-13 11:30:37,463 INFO o.a.j.t.JMeterThread: Thread started: 大江大河 1-6
2026-06-13 11:30:37,463 INFO o.a.j.t.JMeterThread: Thread started: 大江大河 1-4
2026-06-13 11:30:37,463 INFO o.a.j.t.JMeterThread: Thread started: 大江大河 1-7
2026-06-13 11:30:37,465 INFO o.a.j.t.JMeterThread: Thread started: 大江大河 1-8
2026-06-13 11:30:37,466 INFO o.a.j.t.JMeterThread: Thread started: 大江大河 1-13
2026-06-13 11:30:37,466 INFO o.a.j.t.JMeterThread: Thread started: 大江大河 1-10
2026-06-13 11:30:37,466 INFO o.a.j.t.JMeterThread: Thread started: 大江大河 1-12
2026-06-13 11:30:37,466 INFO o.a.j.t.JMeterThread: Thread started: 大江大河 1-9
2026-06-13 11:30:37,467 INFO o.a.j.t.JMeterThread: Thread started: 大江大河 1-11
2026-06-13 11:30:37,467 INFO o.a.j.t.JMeterThread: Thread started: 大江大河 1-14
2026-06-13 11:30:37,468 INFO o.a.j.t.JMeterThread: Thread started: 大江大河 1-16
2026-06-13 11:30:37,468 INFO o.a.j.t.JMeterThread: Thread started: 大江大河 1-15
2026-06-13 11:30:37,469 INFO o.a.j.t.JMeterThread: Thread started: 大江大河 1-18
2026-06-13 11:30:37,469 INFO o.a.j.t.JMeterThread: Thread started: 大江大河 1-17
2026-06-13 11:30:37,469 INFO o.a.j.t.JMeterThread: Thread started: 大江大河 1-21
2026-06-13 11:30:37,469 INFO o.a.j.t.JMeterThread: Thread started: 大江大河 1-20
2026-06-13 11:30:37,469 INFO o.a.j.t.JMeterThread: Thread started: 大江大河 1-19
2026-06-13 11:30:37,469 INFO o.a.j.t.JMeterThread: Thread started: 大江大河 1-22
2026-06-13 11:30:37,470 INFO o.a.j.t.JMeterThread: Thread started: 大江大河 1-23
2026-06-13 11:30:37,470 INFO o.a.j.t.JMeterThread: Thread started: 大江大河 1-24
2026-06-13 11:30:37,471 INFO o.a.j.t.JMeterThread: Thread started: 大江大河 1-25
2026-06-13 11:30:37,472 INFO o.a.j.t.JMeterThread: Thread started: 大江大河 1-27
2026-06-13 11:30:37,473 INFO o.a.j.t.JMeterThread: Thread started: 大江大河 1-28
2026-06-13 11:30:37,475 INFO o.a.j.t.JMeterThread: Thread started: 大江大河 1-26
2026-06-13 11:30:37,476 INFO o.a.j.t.JMeterThread: Thread started: 大江大河 1-29
2026-06-13 11:30:37,476 INFO o.a.j.t.JMeterThread: Thread started: 大江大河 1-30
2026-06-13 11:30:37,478 INFO o.a.j.t.JMeterThread: Thread started: 大江大河 1-41
2026-06-13 11:30:37,479 INFO o.a.j.t.JMeterThread: Thread started: 大江大河 1-31
2026-06-13 11:30:37,480 INFO o.a.j.p.h.s.HTTPHCAbstractImpl: Local host = LAPTOP-0QSAUJBF
2026-06-13 11:30:37,480 INFO o.a.j.t.ThreadGroup: Started thread group number 1
2026-06-13 11:30:37,480 INFO o.a.j.t.JMeterThread: Thread started: 大江大河 1-35
2026-06-13 11:30:37,481 INFO o.a.j.e.StandardJMeterEngine: All thread groups have been started
2026-06-13 11:30:37,482 INFO o.a.j.t.JMeterThread: Thread started: 大江大河 1-33
2026-06-13 11:30:37,483 INFO o.a.j.t.JMeterThread: Thread started: 大江大河 1-36
2026-06-13 11:30:37,486 INFO o.a.j.t.JMeterThread: Thread started: 大江大河 1-34
2026-06-13 11:30:37,486 INFO o.a.j.t.JMeterThread: Thread started: 大江大河 1-39
2026-06-13 11:30:37,486 INFO o.a.j.t.JMeterThread: Thread started: 大江大河 1-38
2026-06-13 11:30:37,487 INFO o.a.j.t.JMeterThread: Thread started: 大江大河 1-37
2026-06-13 11:30:37,487 INFO o.a.j.t.JMeterThread: Thread started: 大江大河 1-42
2026-06-13 11:30:37,489 INFO o.a.j.t.JMeterThread: Thread started: 大江大河 1-32
2026-06-13 11:30:37,489 INFO o.a.j.t.JMeterThread: Thread started: 大江大河 1-45
2026-06-13 11:30:37,489 INFO o.a.j.t.JMeterThread: Thread started: 大江大河 1-46
2026-06-13 11:30:37,490 INFO o.a.j.t.JMeterThread: Thread started: 大江大河 1-44
2026-06-13 11:30:37,489 INFO o.a.j.t.JMeterThread: Thread started: 大江大河 1-43
2026-06-13 11:30:37,490 INFO o.a.j.t.JMeterThread: Thread started: 大江大河 1-47
2026-06-13 11:30:37,490 INFO o.a.j.t.JMeterThread: Thread started: 大江大河 1-40
2026-06-13 11:30:37,491 INFO o.a.j.t.JMeterThread: Thread started: 大江大河 1-48
2026-06-13 11:30:37,491 INFO o.a.j.t.JMeterThread: Thread started: 大江大河 1-49
2026-06-13 11:30:37,491 INFO o.a.j.t.JMeterThread: Thread started: 大江大河 1-50
2026-06-13 11:30:37,494 INFO o.a.j.p.h.s.HTTPHC4Impl: HTTP request retry count = 0
2026-06-13 11:35:37,519 INFO o.a.j.t.JMeterThread: Stopping because end time detected by thread: 大江大河 1-13
2026-06-13 11:35:37,519 INFO o.a.j.t.JMeterThread: Thread finished: 大江大河 1-13
2026-06-13 11:35:37,680 INFO o.a.j.t.JMeterThread: Stopping because end time detected by thread: 大江大河 1-49
2026-06-13 11:35:37,680 INFO o.a.j.t.JMeterThread: Thread finished: 大江大河 1-49
2026-06-13 11:35:37,759 INFO o.a.j.t.JMeterThread: Stopping because end time detected by thread: 大江大河 1-36
2026-06-13 11:35:37,759 INFO o.a.j.t.JMeterThread: Thread finished: 大江大河 1-36
2026-06-13 11:35:37,781 INFO o.a.j.t.JMeterThread: Stopping because end time detected by thread: 大江大河 1-39
2026-06-13 11:35:37,781 INFO o.a.j.t.JMeterThread: Thread finished: 大江大河 1-39
2026-06-13 11:35:37,789 INFO o.a.j.t.JMeterThread: Stopping because end time detected by thread: 大江大河 1-7
2026-06-13 11:35:37,790 INFO o.a.j.t.JMeterThread: Thread finished: 大江大河 1-7
2026-06-13 11:35:37,900 INFO o.a.j.t.JMeterThread: Stopping because end time detected by thread: 大江大河 1-44
2026-06-13 11:35:37,900 INFO o.a.j.t.JMeterThread: Thread finished: 大江大河 1-44
2026-06-13 11:35:37,979 INFO o.a.j.t.JMeterThread: Stopping because end time detected by thread: 大江大河 1-1
2026-06-13 11:35:37,979 INFO o.a.j.t.JMeterThread: Stopping because end time detected by thread: 大江大河 1-26
2026-06-13 11:35:37,979 INFO o.a.j.t.JMeterThread: Thread finished: 大江大河 1-1
2026-06-13 11:35:37,979 INFO o.a.j.t.JMeterThread: Thread finished: 大江大河 1-26
2026-06-13 11:35:37,979 INFO o.a.j.t.JMeterThread: Stopping because end time detected by thread: 大江大河 1-22
2026-06-13 11:35:37,979 INFO o.a.j.t.JMeterThread: Thread finished: 大江大河 1-22
2026-06-13 11:35:37,981 INFO o.a.j.t.JMeterThread: Stopping because end time detected by thread: 大江大河 1-23
2026-06-13 11:35:37,981 INFO o.a.j.t.JMeterThread: Thread finished: 大江大河 1-23
2026-06-13 11:35:38,040 INFO o.a.j.t.JMeterThread: Stopping because end time detected by thread: 大江大河 1-8
2026-06-13 11:35:38,040 INFO o.a.j.t.JMeterThread: Thread finished: 大江大河 1-8
2026-06-13 11:35:38,157 INFO o.a.j.t.JMeterThread: Stopping because end time detected by thread: 大江大河 1-42
2026-06-13 11:35:38,158 INFO o.a.j.t.JMeterThread: Thread finished: 大江大河 1-42
2026-06-13 11:35:38,201 INFO o.a.j.t.JMeterThread: Stopping because end time detected by thread: 大江大河 1-5
2026-06-13 11:35:38,201 INFO o.a.j.t.JMeterThread: Thread finished: 大江大河 1-5
2026-06-13 11:35:38,218 INFO o.a.j.t.JMeterThread: Stopping because end time detected by thread: 大江大河 1-29
2026-06-13 11:35:38,218 INFO o.a.j.t.JMeterThread: Thread finished: 大江大河 1-29
2026-06-13 11:35:38,378 INFO o.a.j.t.JMeterThread: Stopping because end time detected by thread: 大江大河 1-14
2026-06-13 11:35:38,378 INFO o.a.j.t.JMeterThread: Thread finished: 大江大河 1-14
2026-06-13 11:35:38,391 INFO o.a.j.t.JMeterThread: Stopping because end time detected by thread: 大江大河 1-21
2026-06-13 11:35:38,391 INFO o.a.j.t.JMeterThread: Thread finished: 大江大河 1-21
2026-06-13 11:35:38,495 INFO o.a.j.t.JMeterThread: Stopping because end time detected by thread: 大江大河 1-3
2026-06-13 11:35:38,495 INFO o.a.j.t.JMeterThread: Thread finished: 大江大河 1-3
2026-06-13 11:35:38,516 INFO o.a.j.t.JMeterThread: Stopping because end time detected by thread: 大江大河 1-35
2026-06-13 11:35:38,516 INFO o.a.j.t.JMeterThread: Thread finished: 大江大河 1-35
2026-06-13 11:35:38,530 INFO o.a.j.t.JMeterThread: Stopping because end time detected by thread: 大江大河 1-10
2026-06-13 11:35:38,530 INFO o.a.j.t.JMeterThread: Thread finished: 大江大河 1-10
2026-06-13 11:35:38,570 INFO o.a.j.t.JMeterThread: Stopping because end time detected by thread: 大江大河 1-19
2026-06-13 11:35:38,570 INFO o.a.j.t.JMeterThread: Thread finished: 大江大河 1-19
2026-06-13 11:35:38,591 INFO o.a.j.t.JMeterThread: Stopping because end time detected by thread: 大江大河 1-18
2026-06-13 11:35:38,591 INFO o.a.j.t.JMeterThread: Thread finished: 大江大河 1-18
2026-06-13 11:35:38,631 INFO o.a.j.t.JMeterThread: Stopping because end time detected by thread: 大江大河 1-43
2026-06-13 11:35:38,631 INFO o.a.j.t.JMeterThread: Thread finished: 大江大河 1-43
2026-06-13 11:35:38,674 INFO o.a.j.t.JMeterThread: Stopping because end time detected by thread: 大江大河 1-47
2026-06-13 11:35:38,674 INFO o.a.j.t.JMeterThread: Thread finished: 大江大河 1-47
2026-06-13 11:35:38,675 INFO o.a.j.t.JMeterThread: Stopping because end time detected by thread: 大江大河 1-38
2026-06-13 11:35:38,675 INFO o.a.j.t.JMeterThread: Stopping because end time detected by thread: 大江大河 1-15
2026-06-13 11:35:38,675 INFO o.a.j.t.JMeterThread: Thread finished: 大江大河 1-38
2026-06-13 11:35:38,675 INFO o.a.j.t.JMeterThread: Thread finished: 大江大河 1-15
2026-06-13 11:35:38,684 INFO o.a.j.t.JMeterThread: Stopping because end time detected by thread: 大江大河 1-50
2026-06-13 11:35:38,684 INFO o.a.j.t.JMeterThread: Thread finished: 大江大河 1-50
2026-06-13 11:35:38,701 INFO o.a.j.t.JMeterThread: Stopping because end time detected by thread: 大江大河 1-28
2026-06-13 11:35:38,701 INFO o.a.j.t.JMeterThread: Thread finished: 大江大河 1-28
2026-06-13 11:35:38,759 INFO o.a.j.t.JMeterThread: Stopping because end time detected by thread: 大江大河 1-34
2026-06-13 11:35:38,760 INFO o.a.j.t.JMeterThread: Thread finished: 大江大河 1-34
2026-06-13 11:35:38,774 INFO o.a.j.t.JMeterThread: Stopping because end time detected by thread: 大江大河 1-20
2026-06-13 11:35:38,775 INFO o.a.j.t.JMeterThread: Thread finished: 大江大河 1-20
2026-06-13 11:35:38,794 INFO o.a.j.t.JMeterThread: Stopping because end time detected by thread: 大江大河 1-6
2026-06-13 11:35:38,794 INFO o.a.j.t.JMeterThread: Thread finished: 大江大河 1-6
2026-06-13 11:35:38,809 INFO o.a.j.t.JMeterThread: Stopping because end time detected by thread: 大江大河 1-48
2026-06-13 11:35:38,809 INFO o.a.j.t.JMeterThread: Thread finished: 大江大河 1-48
2026-06-13 11:35:38,847 INFO o.a.j.t.JMeterThread: Stopping because end time detected by thread: 大江大河 1-4
2026-06-13 11:35:38,848 INFO o.a.j.t.JMeterThread: Thread finished: 大江大河 1-4
2026-06-13 11:35:38,895 INFO o.a.j.t.JMeterThread: Stopping because end time detected by thread: 大江大河 1-27
2026-06-13 11:35:38,895 INFO o.a.j.t.JMeterThread: Thread finished: 大江大河 1-27
2026-06-13 11:35:38,900 INFO o.a.j.t.JMeterThread: Stopping because end time detected by thread: 大江大河 1-45
2026-06-13 11:35:38,900 INFO o.a.j.t.JMeterThread: Thread finished: 大江大河 1-45
2026-06-13 11:35:38,929 INFO o.a.j.t.JMeterThread: Stopping because end time detected by thread: 大江大河 1-2
2026-06-13 11:35:38,930 INFO o.a.j.t.JMeterThread: Thread finished: 大江大河 1-2
2026-06-13 11:35:38,951 INFO o.a.j.t.JMeterThread: Stopping because end time detected by thread: 大江大河 1-40
2026-06-13 11:35:38,951 INFO o.a.j.t.JMeterThread: Thread finished: 大江大河 1-40
2026-06-13 11:35:38,964 INFO o.a.j.t.JMeterThread: Stopping because end time detected by thread: 大江大河 1-9
2026-06-13 11:35:38,964 INFO o.a.j.t.JMeterThread: Thread finished: 大江大河 1-9
2026-06-13 11:35:39,004 INFO o.a.j.t.JMeterThread: Stopping because end time detected by thread: 大江大河 1-25
2026-06-13 11:35:39,004 INFO o.a.j.t.JMeterThread: Thread finished: 大江大河 1-25
2026-06-13 11:35:39,051 INFO o.a.j.t.JMeterThread: Stopping because end time detected by thread: 大江大河 1-46
2026-06-13 11:35:39,051 INFO o.a.j.t.JMeterThread: Thread finished: 大江大河 1-46
2026-06-13 11:35:39,180 INFO o.a.j.t.JMeterThread: Stopping because end time detected by thread: 大江大河 1-11
2026-06-13 11:35:39,180 INFO o.a.j.t.JMeterThread: Thread finished: 大江大河 1-11
2026-06-13 11:35:39,323 INFO o.a.j.t.JMeterThread: Stopping because end time detected by thread: 大江大河 1-16
2026-06-13 11:35:39,323 INFO o.a.j.t.JMeterThread: Thread finished: 大江大河 1-16
2026-06-13 11:35:40,679 INFO o.a.j.t.JMeterThread: Stopping because end time detected by thread: 大江大河 1-17
2026-06-13 11:35:40,679 INFO o.a.j.t.JMeterThread: Thread finished: 大江大河 1-17
2026-06-13 11:35:40,784 INFO o.a.j.t.JMeterThread: Stopping because end time detected by thread: 大江大河 1-37
2026-06-13 11:35:40,784 INFO o.a.j.t.JMeterThread: Thread finished: 大江大河 1-37
2026-06-13 11:35:41,693 INFO o.a.j.t.JMeterThread: Stopping because end time detected by thread: 大江大河 1-24
2026-06-13 11:35:41,693 INFO o.a.j.t.JMeterThread: Thread finished: 大江大河 1-24
2026-06-13 11:35:44,480 INFO o.a.j.t.JMeterThread: Stopping because end time detected by thread: 大江大河 1-32
2026-06-13 11:35:44,481 INFO o.a.j.t.JMeterThread: Thread finished: 大江大河 1-32
2026-06-13 11:35:49,351 INFO o.a.j.t.JMeterThread: Stopping because end time detected by thread: 大江大河 1-31
2026-06-13 11:35:49,351 INFO o.a.j.t.JMeterThread: Thread finished: 大江大河 1-31
2026-06-13 11:36:03,720 INFO o.a.j.t.JMeterThread: Stopping because end time detected by thread: 大江大河 1-30
2026-06-13 11:36:03,720 INFO o.a.j.t.JMeterThread: Thread finished: 大江大河 1-30
2026-06-13 11:36:26,983 INFO o.a.j.t.JMeterThread: Stopping because end time detected by thread: 大江大河 1-41
2026-06-13 11:36:26,983 INFO o.a.j.t.JMeterThread: Thread finished: 大江大河 1-41
2026-06-13 14:01:50,147 INFO o.a.j.g.a.Start: Shutting test down
2026-06-13 14:01:50,157 INFO o.a.j.t.JMeterThread: Stopping: 大江大河 1-12
2026-06-13 14:01:50,157 INFO o.a.j.t.JMeterThread: Stopping: 大江大河 1-33
2026-06-13 14:01:53,640 INFO o.a.j.g.a.Start: Stopping test
2026-06-13 14:01:53,651 INFO o.a.j.t.JMeterThread: Stopping: 大江大河 1-12
2026-06-13 14:01:53,651 WARN o.a.j.t.JMeterThread: Interrupting: 大江大河 1-12 sampler: 大江大河
2026-06-13 14:01:53,651 INFO o.a.j.t.JMeterThread: Stopping: 大江大河 1-33
2026-06-13 14:01:53,651 WARN o.a.j.t.JMeterThread: Interrupting: 大江大河 1-33 sampler: 大江大河
2026-06-13 14:01:53,651 INFO o.a.j.t.JMeterThread: Stopping because end time detected by thread: 大江大河 1-12
2026-06-13 14:01:53,651 INFO o.a.j.t.JMeterThread: Stopping because end time detected by thread: 大江大河 1-33
2026-06-13 14:01:53,651 INFO o.a.j.t.JMeterThread: Thread finished: 大江大河 1-12
2026-06-13 14:01:53,651 INFO o.a.j.t.JMeterThread: Thread finished: 大江大河 1-33
2026-06-13 14:01:53,651 INFO o.a.j.e.StandardJMeterEngine: Notifying test listeners of end of test
2026-06-13 14:01:53,652 INFO o.a.j.g.u.JMeterMenuBar: setRunning(false, *local*)
2026-06-13 14:02:00,831 INFO o.a.j.e.StandardJMeterEngine: Running the test!
2026-06-13 14:02:00,831 INFO o.a.j.s.SampleEvent: List of sample_variables: []
2026-06-13 14:02:00,832 INFO o.a.j.g.u.JMeterMenuBar: setRunning(true, *local*)
2026-06-13 14:02:00,865 INFO o.a.j.e.StandardJMeterEngine: Starting ThreadGroup: 1 : 大型水库
2026-06-13 14:02:00,865 INFO o.a.j.e.StandardJMeterEngine: Starting 50 threads for group 大型水库.
2026-06-13 14:02:00,865 INFO o.a.j.e.StandardJMeterEngine: Thread will continue on error
2026-06-13 14:02:00,866 INFO o.a.j.t.ThreadGroup: Starting thread group... number=1 threads=50 ramp-up=0 delayedStart=false
2026-06-13 14:02:00,866 INFO o.a.j.t.JMeterThread: Thread started: 大型水库 1-1
2026-06-13 14:02:00,867 INFO o.a.j.t.JMeterThread: Thread started: 大型水库 1-2
2026-06-13 14:02:00,867 INFO o.a.j.t.JMeterThread: Thread started: 大型水库 1-3
2026-06-13 14:02:00,867 INFO o.a.j.t.JMeterThread: Thread started: 大型水库 1-4
2026-06-13 14:02:00,869 INFO o.a.j.t.JMeterThread: Thread started: 大型水库 1-6
2026-06-13 14:02:00,869 INFO o.a.j.t.JMeterThread: Thread started: 大型水库 1-5
2026-06-13 14:02:00,869 INFO o.a.j.t.JMeterThread: Thread started: 大型水库 1-7
2026-06-13 14:02:00,869 INFO o.a.j.t.JMeterThread: Thread started: 大型水库 1-9
2026-06-13 14:02:00,869 INFO o.a.j.t.JMeterThread: Thread started: 大型水库 1-8
2026-06-13 14:02:00,871 INFO o.a.j.t.JMeterThread: Thread started: 大型水库 1-11
2026-06-13 14:02:00,871 INFO o.a.j.t.JMeterThread: Thread started: 大型水库 1-10
2026-06-13 14:02:00,873 INFO o.a.j.t.JMeterThread: Thread started: 大型水库 1-12
2026-06-13 14:02:00,875 INFO o.a.j.t.JMeterThread: Thread started: 大型水库 1-16
2026-06-13 14:02:00,875 INFO o.a.j.t.JMeterThread: Thread started: 大型水库 1-13
2026-06-13 14:02:00,878 INFO o.a.j.t.JMeterThread: Thread started: 大型水库 1-14
2026-06-13 14:02:00,878 INFO o.a.j.t.JMeterThread: Thread started: 大型水库 1-17
2026-06-13 14:02:00,880 INFO o.a.j.t.JMeterThread: Thread started: 大型水库 1-15
2026-06-13 14:02:00,881 INFO o.a.j.t.JMeterThread: Thread started: 大型水库 1-20
2026-06-13 14:02:00,881 INFO o.a.j.t.JMeterThread: Thread started: 大型水库 1-21
2026-06-13 14:02:00,881 INFO o.a.j.t.JMeterThread: Thread started: 大型水库 1-24
2026-06-13 14:02:00,882 INFO o.a.j.t.JMeterThread: Thread started: 大型水库 1-32
2026-06-13 14:02:00,882 INFO o.a.j.t.JMeterThread: Thread started: 大型水库 1-25
2026-06-13 14:02:00,888 INFO o.a.j.t.ThreadGroup: Started thread group number 1
2026-06-13 14:02:00,889 INFO o.a.j.e.StandardJMeterEngine: All thread groups have been started
2026-06-13 14:02:00,889 INFO o.a.j.t.JMeterThread: Thread started: 大型水库 1-19
2026-06-13 14:02:00,891 INFO o.a.j.t.JMeterThread: Thread started: 大型水库 1-22
2026-06-13 14:02:00,892 INFO o.a.j.t.JMeterThread: Thread started: 大型水库 1-23
2026-06-13 14:02:00,892 INFO o.a.j.t.JMeterThread: Thread started: 大型水库 1-26
2026-06-13 14:02:00,892 INFO o.a.j.t.JMeterThread: Thread started: 大型水库 1-27
2026-06-13 14:02:00,893 INFO o.a.j.t.JMeterThread: Thread started: 大型水库 1-28
2026-06-13 14:02:00,894 INFO o.a.j.t.JMeterThread: Thread started: 大型水库 1-31
2026-06-13 14:02:00,895 INFO o.a.j.t.JMeterThread: Thread started: 大型水库 1-18
2026-06-13 14:02:00,898 INFO o.a.j.t.JMeterThread: Thread started: 大型水库 1-35
2026-06-13 14:02:00,899 INFO o.a.j.t.JMeterThread: Thread started: 大型水库 1-36
2026-06-13 14:02:00,900 INFO o.a.j.t.JMeterThread: Thread started: 大型水库 1-29
2026-06-13 14:02:00,901 INFO o.a.j.t.JMeterThread: Thread started: 大型水库 1-30
2026-06-13 14:02:00,904 INFO o.a.j.t.JMeterThread: Thread started: 大型水库 1-33
2026-06-13 14:02:00,904 INFO o.a.j.t.JMeterThread: Thread started: 大型水库 1-34
2026-06-13 14:02:00,904 INFO o.a.j.t.JMeterThread: Thread started: 大型水库 1-37
2026-06-13 14:02:00,905 INFO o.a.j.t.JMeterThread: Thread started: 大型水库 1-41
2026-06-13 14:02:00,906 INFO o.a.j.t.JMeterThread: Thread started: 大型水库 1-42
2026-06-13 14:02:00,907 INFO o.a.j.t.JMeterThread: Thread started: 大型水库 1-38
2026-06-13 14:02:00,907 INFO o.a.j.t.JMeterThread: Thread started: 大型水库 1-39
2026-06-13 14:02:00,908 INFO o.a.j.t.JMeterThread: Thread started: 大型水库 1-40
2026-06-13 14:02:00,909 INFO o.a.j.t.JMeterThread: Thread started: 大型水库 1-44
2026-06-13 14:02:00,909 INFO o.a.j.t.JMeterThread: Thread started: 大型水库 1-47
2026-06-13 14:02:00,909 INFO o.a.j.t.JMeterThread: Thread started: 大型水库 1-43
2026-06-13 14:02:00,911 INFO o.a.j.t.JMeterThread: Thread started: 大型水库 1-48
2026-06-13 14:02:00,911 INFO o.a.j.t.JMeterThread: Thread started: 大型水库 1-45
2026-06-13 14:02:00,912 INFO o.a.j.t.JMeterThread: Thread started: 大型水库 1-46
2026-06-13 14:02:00,915 INFO o.a.j.t.JMeterThread: Thread started: 大型水库 1-49
2026-06-13 14:02:00,915 INFO o.a.j.t.JMeterThread: Thread started: 大型水库 1-50
2026-06-13 14:07:00,922 INFO o.a.j.t.JMeterThread: Stopping because end time detected by thread: 大型水库 1-37
2026-06-13 14:07:00,922 INFO o.a.j.t.JMeterThread: Thread finished: 大型水库 1-37
2026-06-13 14:07:00,956 INFO o.a.j.t.JMeterThread: Stopping because end time detected by thread: 大型水库 1-9
2026-06-13 14:07:00,956 INFO o.a.j.t.JMeterThread: Thread finished: 大型水库 1-9
2026-06-13 14:07:00,987 INFO o.a.j.t.JMeterThread: Stopping because end time detected by thread: 大型水库 1-17
2026-06-13 14:07:00,987 INFO o.a.j.t.JMeterThread: Thread finished: 大型水库 1-17
2026-06-13 14:07:01,022 INFO o.a.j.t.JMeterThread: Stopping because end time detected by thread: 大型水库 1-12
2026-06-13 14:07:01,022 INFO o.a.j.t.JMeterThread: Thread finished: 大型水库 1-12
2026-06-13 14:07:01,029 INFO o.a.j.t.JMeterThread: Stopping because end time detected by thread: 大型水库 1-39
2026-06-13 14:07:01,029 INFO o.a.j.t.JMeterThread: Thread finished: 大型水库 1-39
2026-06-13 14:07:01,107 INFO o.a.j.t.JMeterThread: Stopping because end time detected by thread: 大型水库 1-47
2026-06-13 14:07:01,107 INFO o.a.j.t.JMeterThread: Thread finished: 大型水库 1-47
2026-06-13 14:07:01,225 INFO o.a.j.t.JMeterThread: Stopping because end time detected by thread: 大型水库 1-31
2026-06-13 14:07:01,225 INFO o.a.j.t.JMeterThread: Thread finished: 大型水库 1-31
2026-06-13 14:07:01,249 INFO o.a.j.t.JMeterThread: Stopping because end time detected by thread: 大型水库 1-13
2026-06-13 14:07:01,249 INFO o.a.j.t.JMeterThread: Stopping because end time detected by thread: 大型水库 1-42
2026-06-13 14:07:01,249 INFO o.a.j.t.JMeterThread: Thread finished: 大型水库 1-13
2026-06-13 14:07:01,249 INFO o.a.j.t.JMeterThread: Thread finished: 大型水库 1-42
2026-06-13 14:07:01,333 INFO o.a.j.t.JMeterThread: Stopping because end time detected by thread: 大型水库 1-35
2026-06-13 14:07:01,333 INFO o.a.j.t.JMeterThread: Stopping because end time detected by thread: 大型水库 1-32
2026-06-13 14:07:01,333 INFO o.a.j.t.JMeterThread: Thread finished: 大型水库 1-35
2026-06-13 14:07:01,333 INFO o.a.j.t.JMeterThread: Thread finished: 大型水库 1-32
2026-06-13 14:07:01,338 INFO o.a.j.t.JMeterThread: Stopping because end time detected by thread: 大型水库 1-30
2026-06-13 14:07:01,338 INFO o.a.j.t.JMeterThread: Stopping because end time detected by thread: 大型水库 1-5
2026-06-13 14:07:01,338 INFO o.a.j.t.JMeterThread: Thread finished: 大型水库 1-30
2026-06-13 14:07:01,338 INFO o.a.j.t.JMeterThread: Thread finished: 大型水库 1-5
2026-06-13 14:07:01,378 INFO o.a.j.t.JMeterThread: Stopping because end time detected by thread: 大型水库 1-45
2026-06-13 14:07:01,378 INFO o.a.j.t.JMeterThread: Thread finished: 大型水库 1-45
2026-06-13 14:07:01,387 INFO o.a.j.t.JMeterThread: Stopping because end time detected by thread: 大型水库 1-22
2026-06-13 14:07:01,387 INFO o.a.j.t.JMeterThread: Thread finished: 大型水库 1-22
2026-06-13 14:07:01,394 INFO o.a.j.t.JMeterThread: Stopping because end time detected by thread: 大型水库 1-11
2026-06-13 14:07:01,394 INFO o.a.j.t.JMeterThread: Thread finished: 大型水库 1-11
2026-06-13 14:07:01,413 INFO o.a.j.t.JMeterThread: Stopping because end time detected by thread: 大型水库 1-26
2026-06-13 14:07:01,413 INFO o.a.j.t.JMeterThread: Thread finished: 大型水库 1-26
2026-06-13 14:07:01,418 INFO o.a.j.t.JMeterThread: Stopping because end time detected by thread: 大型水库 1-7
2026-06-13 14:07:01,419 INFO o.a.j.t.JMeterThread: Thread finished: 大型水库 1-7
2026-06-13 14:07:01,429 INFO o.a.j.t.JMeterThread: Stopping because end time detected by thread: 大型水库 1-40
2026-06-13 14:07:01,429 INFO o.a.j.t.JMeterThread: Thread finished: 大型水库 1-40
2026-06-13 14:07:01,463 INFO o.a.j.t.JMeterThread: Stopping because end time detected by thread: 大型水库 1-33
2026-06-13 14:07:01,463 INFO o.a.j.t.JMeterThread: Thread finished: 大型水库 1-33
2026-06-13 14:07:01,491 INFO o.a.j.t.JMeterThread: Stopping because end time detected by thread: 大型水库 1-15
2026-06-13 14:07:01,491 INFO o.a.j.t.JMeterThread: Stopping because end time detected by thread: 大型水库 1-4
2026-06-13 14:07:01,491 INFO o.a.j.t.JMeterThread: Thread finished: 大型水库 1-15
2026-06-13 14:07:01,491 INFO o.a.j.t.JMeterThread: Thread finished: 大型水库 1-4
2026-06-13 14:07:01,491 INFO o.a.j.t.JMeterThread: Stopping because end time detected by thread: 大型水库 1-21
2026-06-13 14:07:01,491 INFO o.a.j.t.JMeterThread: Thread finished: 大型水库 1-21
2026-06-13 14:07:01,492 INFO o.a.j.t.JMeterThread: Stopping because end time detected by thread: 大型水库 1-23
2026-06-13 14:07:01,492 INFO o.a.j.t.JMeterThread: Stopping because end time detected by thread: 大型水库 1-20
2026-06-13 14:07:01,491 INFO o.a.j.t.JMeterThread: Stopping because end time detected by thread: 大型水库 1-29
2026-06-13 14:07:01,492 INFO o.a.j.t.JMeterThread: Thread finished: 大型水库 1-20
2026-06-13 14:07:01,492 INFO o.a.j.t.JMeterThread: Thread finished: 大型水库 1-29
2026-06-13 14:07:01,492 INFO o.a.j.t.JMeterThread: Thread finished: 大型水库 1-23
2026-06-13 14:07:01,497 INFO o.a.j.t.JMeterThread: Stopping because end time detected by thread: 大型水库 1-46
2026-06-13 14:07:01,497 INFO o.a.j.t.JMeterThread: Thread finished: 大型水库 1-46
2026-06-13 14:07:01,542 INFO o.a.j.t.JMeterThread: Stopping because end time detected by thread: 大型水库 1-14
2026-06-13 14:07:01,542 INFO o.a.j.t.JMeterThread: Thread finished: 大型水库 1-14
2026-06-13 14:07:01,551 INFO o.a.j.t.JMeterThread: Stopping because end time detected by thread: 大型水库 1-24
2026-06-13 14:07:01,551 INFO o.a.j.t.JMeterThread: Thread finished: 大型水库 1-24
2026-06-13 14:07:01,559 INFO o.a.j.t.JMeterThread: Stopping because end time detected by thread: 大型水库 1-36
2026-06-13 14:07:01,559 INFO o.a.j.t.JMeterThread: Thread finished: 大型水库 1-36
2026-06-13 14:07:01,618 INFO o.a.j.t.JMeterThread: Stopping because end time detected by thread: 大型水库 1-2
2026-06-13 14:07:01,618 INFO o.a.j.t.JMeterThread: Thread finished: 大型水库 1-2
2026-06-13 14:07:01,644 INFO o.a.j.t.JMeterThread: Stopping because end time detected by thread: 大型水库 1-44
2026-06-13 14:07:01,644 INFO o.a.j.t.JMeterThread: Stopping because end time detected by thread: 大型水库 1-25
2026-06-13 14:07:01,644 INFO o.a.j.t.JMeterThread: Thread finished: 大型水库 1-44
2026-06-13 14:07:01,644 INFO o.a.j.t.JMeterThread: Thread finished: 大型水库 1-25
2026-06-13 14:07:01,682 INFO o.a.j.t.JMeterThread: Stopping because end time detected by thread: 大型水库 1-18
2026-06-13 14:07:01,682 INFO o.a.j.t.JMeterThread: Stopping because end time detected by thread: 大型水库 1-16
2026-06-13 14:07:01,682 INFO o.a.j.t.JMeterThread: Thread finished: 大型水库 1-18
2026-06-13 14:07:01,682 INFO o.a.j.t.JMeterThread: Thread finished: 大型水库 1-16
2026-06-13 14:07:01,739 INFO o.a.j.t.JMeterThread: Stopping because end time detected by thread: 大型水库 1-41
2026-06-13 14:07:01,739 INFO o.a.j.t.JMeterThread: Thread finished: 大型水库 1-41
2026-06-13 14:07:01,780 INFO o.a.j.t.JMeterThread: Stopping because end time detected by thread: 大型水库 1-34
2026-06-13 14:07:01,780 INFO o.a.j.t.JMeterThread: Thread finished: 大型水库 1-34
2026-06-13 14:07:01,789 INFO o.a.j.t.JMeterThread: Stopping because end time detected by thread: 大型水库 1-19
2026-06-13 14:07:01,789 INFO o.a.j.t.JMeterThread: Thread finished: 大型水库 1-19
2026-06-13 14:07:01,802 INFO o.a.j.t.JMeterThread: Stopping because end time detected by thread: 大型水库 1-43
2026-06-13 14:07:01,802 INFO o.a.j.t.JMeterThread: Thread finished: 大型水库 1-43
2026-06-13 14:07:01,839 INFO o.a.j.t.JMeterThread: Stopping because end time detected by thread: 大型水库 1-38
2026-06-13 14:07:01,839 INFO o.a.j.t.JMeterThread: Thread finished: 大型水库 1-38
2026-06-13 14:07:01,869 INFO o.a.j.t.JMeterThread: Stopping because end time detected by thread: 大型水库 1-27
2026-06-13 14:07:01,869 INFO o.a.j.t.JMeterThread: Thread finished: 大型水库 1-27
2026-06-13 14:07:01,897 INFO o.a.j.t.JMeterThread: Stopping because end time detected by thread: 大型水库 1-6
2026-06-13 14:07:01,897 INFO o.a.j.t.JMeterThread: Thread finished: 大型水库 1-6
2026-06-13 14:07:02,296 INFO o.a.j.t.JMeterThread: Stopping because end time detected by thread: 大型水库 1-50
2026-06-13 14:07:02,296 INFO o.a.j.t.JMeterThread: Thread finished: 大型水库 1-50
2026-06-13 14:07:03,921 INFO o.a.j.t.JMeterThread: Stopping because end time detected by thread: 大型水库 1-10
2026-06-13 14:07:03,921 INFO o.a.j.t.JMeterThread: Thread finished: 大型水库 1-10
2026-06-13 14:07:04,829 INFO o.a.j.t.JMeterThread: Stopping because end time detected by thread: 大型水库 1-48
2026-06-13 14:07:04,829 INFO o.a.j.t.JMeterThread: Thread finished: 大型水库 1-48
2026-06-13 14:07:05,088 INFO o.a.j.t.JMeterThread: Stopping because end time detected by thread: 大型水库 1-28
2026-06-13 14:07:05,088 INFO o.a.j.t.JMeterThread: Thread finished: 大型水库 1-28
2026-06-13 14:07:05,453 INFO o.a.j.t.JMeterThread: Stopping because end time detected by thread: 大型水库 1-1
2026-06-13 14:07:05,453 INFO o.a.j.t.JMeterThread: Thread finished: 大型水库 1-1
2026-06-13 14:07:06,608 INFO o.a.j.t.JMeterThread: Stopping because end time detected by thread: 大型水库 1-3
2026-06-13 14:07:06,608 INFO o.a.j.t.JMeterThread: Thread finished: 大型水库 1-3
2026-06-13 14:07:21,510 INFO o.a.j.t.JMeterThread: Stopping because end time detected by thread: 大型水库 1-8
2026-06-13 14:07:21,510 INFO o.a.j.t.JMeterThread: Thread finished: 大型水库 1-8
2026-06-13 14:09:01,349 INFO o.a.j.t.JMeterThread: Stopping because end time detected by thread: 大型水库 1-49
2026-06-13 14:09:01,349 INFO o.a.j.t.JMeterThread: Thread finished: 大型水库 1-49
2026-06-13 14:09:01,349 INFO o.a.j.e.StandardJMeterEngine: Notifying test listeners of end of test
2026-06-13 14:09:01,349 INFO o.a.j.g.u.JMeterMenuBar: setRunning(false, *local*)
2026-06-13 14:10:49,096 INFO o.a.j.e.StandardJMeterEngine: Running the test!
2026-06-13 14:10:49,096 INFO o.a.j.s.SampleEvent: List of sample_variables: []
2026-06-13 14:10:49,097 INFO o.a.j.g.u.JMeterMenuBar: setRunning(true, *local*)
2026-06-13 14:10:49,134 INFO o.a.j.e.StandardJMeterEngine: Starting ThreadGroup: 1 : 重点雨水情
2026-06-13 14:10:49,134 INFO o.a.j.e.StandardJMeterEngine: Starting 50 threads for group 重点雨水情.
2026-06-13 14:10:49,134 INFO o.a.j.e.StandardJMeterEngine: Thread will continue on error
2026-06-13 14:10:49,134 INFO o.a.j.t.ThreadGroup: Starting thread group... number=1 threads=50 ramp-up=0 delayedStart=false
2026-06-13 14:10:49,135 INFO o.a.j.t.JMeterThread: Thread started: 重点雨水情 1-1
2026-06-13 14:10:49,135 INFO o.a.j.t.JMeterThread: Thread started: 重点雨水情 1-2
2026-06-13 14:10:49,136 INFO o.a.j.t.JMeterThread: Thread started: 重点雨水情 1-3
2026-06-13 14:10:49,140 INFO o.a.j.t.JMeterThread: Thread started: 重点雨水情 1-7
2026-06-13 14:10:49,140 INFO o.a.j.t.JMeterThread: Thread started: 重点雨水情 1-4
2026-06-13 14:10:49,141 INFO o.a.j.t.JMeterThread: Thread started: 重点雨水情 1-8
2026-06-13 14:10:49,141 INFO o.a.j.t.JMeterThread: Thread started: 重点雨水情 1-11
2026-06-13 14:10:49,142 INFO o.a.j.t.JMeterThread: Thread started: 重点雨水情 1-5
2026-06-13 14:10:49,142 INFO o.a.j.t.JMeterThread: Thread started: 重点雨水情 1-6
2026-06-13 14:10:49,142 INFO o.a.j.t.JMeterThread: Thread started: 重点雨水情 1-9
2026-06-13 14:10:49,144 INFO o.a.j.t.JMeterThread: Thread started: 重点雨水情 1-12
2026-06-13 14:10:49,144 INFO o.a.j.t.JMeterThread: Thread started: 重点雨水情 1-13
2026-06-13 14:10:49,144 INFO o.a.j.t.JMeterThread: Thread started: 重点雨水情 1-10
2026-06-13 14:10:49,146 INFO o.a.j.t.JMeterThread: Thread started: 重点雨水情 1-15
2026-06-13 14:10:49,145 INFO o.a.j.t.JMeterThread: Thread started: 重点雨水情 1-35
2026-06-13 14:10:49,146 INFO o.a.j.t.JMeterThread: Thread started: 重点雨水情 1-16
2026-06-13 14:10:49,146 INFO o.a.j.t.JMeterThread: Thread started: 重点雨水情 1-17
2026-06-13 14:10:49,147 INFO o.a.j.t.JMeterThread: Thread started: 重点雨水情 1-18
2026-06-13 14:10:49,147 INFO o.a.j.t.JMeterThread: Thread started: 重点雨水情 1-21
2026-06-13 14:10:49,148 INFO o.a.j.t.ThreadGroup: Started thread group number 1
2026-06-13 14:10:49,148 INFO o.a.j.t.JMeterThread: Thread started: 重点雨水情 1-43
2026-06-13 14:10:49,148 INFO o.a.j.e.StandardJMeterEngine: All thread groups have been started
2026-06-13 14:10:49,149 INFO o.a.j.t.JMeterThread: Thread started: 重点雨水情 1-19
2026-06-13 14:10:49,149 INFO o.a.j.t.JMeterThread: Thread started: 重点雨水情 1-20
2026-06-13 14:10:49,149 INFO o.a.j.t.JMeterThread: Thread started: 重点雨水情 1-23
2026-06-13 14:10:49,150 INFO o.a.j.t.JMeterThread: Thread started: 重点雨水情 1-24
2026-06-13 14:10:49,150 INFO o.a.j.t.JMeterThread: Thread started: 重点雨水情 1-27
2026-06-13 14:10:49,151 INFO o.a.j.t.JMeterThread: Thread started: 重点雨水情 1-28
2026-06-13 14:10:49,151 INFO o.a.j.t.JMeterThread: Thread started: 重点雨水情 1-25
2026-06-13 14:10:49,153 INFO o.a.j.t.JMeterThread: Thread started: 重点雨水情 1-26
2026-06-13 14:10:49,153 INFO o.a.j.t.JMeterThread: Thread started: 重点雨水情 1-29
2026-06-13 14:10:49,155 INFO o.a.j.t.JMeterThread: Thread started: 重点雨水情 1-30
2026-06-13 14:10:49,156 INFO o.a.j.t.JMeterThread: Thread started: 重点雨水情 1-31
2026-06-13 14:10:49,157 INFO o.a.j.t.JMeterThread: Thread started: 重点雨水情 1-32
2026-06-13 14:10:49,157 INFO o.a.j.t.JMeterThread: Thread started: 重点雨水情 1-34
2026-06-13 14:10:49,157 INFO o.a.j.t.JMeterThread: Thread started: 重点雨水情 1-33
2026-06-13 14:10:49,157 INFO o.a.j.t.JMeterThread: Thread started: 重点雨水情 1-14
2026-06-13 14:10:49,158 INFO o.a.j.t.JMeterThread: Thread started: 重点雨水情 1-36
2026-06-13 14:10:49,158 INFO o.a.j.t.JMeterThread: Thread started: 重点雨水情 1-37
2026-06-13 14:10:49,158 INFO o.a.j.t.JMeterThread: Thread started: 重点雨水情 1-38
2026-06-13 14:10:49,159 INFO o.a.j.t.JMeterThread: Thread started: 重点雨水情 1-39
2026-06-13 14:10:49,159 INFO o.a.j.t.JMeterThread: Thread started: 重点雨水情 1-41
2026-06-13 14:10:49,159 INFO o.a.j.t.JMeterThread: Thread started: 重点雨水情 1-40
2026-06-13 14:10:49,160 INFO o.a.j.t.JMeterThread: Thread started: 重点雨水情 1-42
2026-06-13 14:10:49,161 INFO o.a.j.t.JMeterThread: Thread started: 重点雨水情 1-44
2026-06-13 14:10:49,162 INFO o.a.j.t.JMeterThread: Thread started: 重点雨水情 1-22
2026-06-13 14:10:49,163 INFO o.a.j.t.JMeterThread: Thread started: 重点雨水情 1-45
2026-06-13 14:10:49,163 INFO o.a.j.t.JMeterThread: Thread started: 重点雨水情 1-47
2026-06-13 14:10:49,163 INFO o.a.j.t.JMeterThread: Thread started: 重点雨水情 1-46
2026-06-13 14:10:49,164 INFO o.a.j.t.JMeterThread: Thread started: 重点雨水情 1-48
2026-06-13 14:10:49,164 INFO o.a.j.t.JMeterThread: Thread started: 重点雨水情 1-49
2026-06-13 14:10:49,164 INFO o.a.j.t.JMeterThread: Thread started: 重点雨水情 1-50
2026-06-13 14:15:49,193 INFO o.a.j.t.JMeterThread: Stopping because end time detected by thread: 重点雨水情 1-14
2026-06-13 14:15:49,193 INFO o.a.j.t.JMeterThread: Thread finished: 重点雨水情 1-14
2026-06-13 14:15:49,196 INFO o.a.j.t.JMeterThread: Stopping because end time detected by thread: 重点雨水情 1-16
2026-06-13 14:15:49,196 INFO o.a.j.t.JMeterThread: Thread finished: 重点雨水情 1-16
2026-06-13 14:15:49,232 INFO o.a.j.t.JMeterThread: Stopping because end time detected by thread: 重点雨水情 1-44
2026-06-13 14:15:49,232 INFO o.a.j.t.JMeterThread: Thread finished: 重点雨水情 1-44
2026-06-13 14:15:49,262 INFO o.a.j.t.JMeterThread: Stopping because end time detected by thread: 重点雨水情 1-34
2026-06-13 14:15:49,262 INFO o.a.j.t.JMeterThread: Thread finished: 重点雨水情 1-34
2026-06-13 14:15:49,264 INFO o.a.j.t.JMeterThread: Stopping because end time detected by thread: 重点雨水情 1-38
2026-06-13 14:15:49,264 INFO o.a.j.t.JMeterThread: Thread finished: 重点雨水情 1-38
2026-06-13 14:15:49,279 INFO o.a.j.t.JMeterThread: Stopping because end time detected by thread: 重点雨水情 1-39
2026-06-13 14:15:49,279 INFO o.a.j.t.JMeterThread: Thread finished: 重点雨水情 1-39
2026-06-13 14:15:49,336 INFO o.a.j.t.JMeterThread: Stopping because end time detected by thread: 重点雨水情 1-29
2026-06-13 14:15:49,336 INFO o.a.j.t.JMeterThread: Thread finished: 重点雨水情 1-29
2026-06-13 14:15:49,404 INFO o.a.j.t.JMeterThread: Stopping because end time detected by thread: 重点雨水情 1-28
2026-06-13 14:15:49,404 INFO o.a.j.t.JMeterThread: Thread finished: 重点雨水情 1-28
2026-06-13 14:15:49,404 INFO o.a.j.t.JMeterThread: Stopping because end time detected by thread: 重点雨水情 1-5
2026-06-13 14:15:49,405 INFO o.a.j.t.JMeterThread: Thread finished: 重点雨水情 1-5
2026-06-13 14:15:49,412 INFO o.a.j.t.JMeterThread: Stopping because end time detected by thread: 重点雨水情 1-48
2026-06-13 14:15:49,412 INFO o.a.j.t.JMeterThread: Thread finished: 重点雨水情 1-48
2026-06-13 14:15:49,454 INFO o.a.j.t.JMeterThread: Stopping because end time detected by thread: 重点雨水情 1-15
2026-06-13 14:15:49,454 INFO o.a.j.t.JMeterThread: Thread finished: 重点雨水情 1-15
2026-06-13 14:15:49,462 INFO o.a.j.t.JMeterThread: Stopping because end time detected by thread: 重点雨水情 1-32
2026-06-13 14:15:49,462 INFO o.a.j.t.JMeterThread: Thread finished: 重点雨水情 1-32
2026-06-13 14:15:49,465 INFO o.a.j.t.JMeterThread: Stopping because end time detected by thread: 重点雨水情 1-21
2026-06-13 14:15:49,466 INFO o.a.j.t.JMeterThread: Thread finished: 重点雨水情 1-21
2026-06-13 14:15:49,489 INFO o.a.j.t.JMeterThread: Stopping because end time detected by thread: 重点雨水情 1-50
2026-06-13 14:15:49,489 INFO o.a.j.t.JMeterThread: Thread finished: 重点雨水情 1-50
2026-06-13 14:15:49,495 INFO o.a.j.t.JMeterThread: Stopping because end time detected by thread: 重点雨水情 1-24
2026-06-13 14:15:49,495 INFO o.a.j.t.JMeterThread: Thread finished: 重点雨水情 1-24
2026-06-13 14:15:49,498 INFO o.a.j.t.JMeterThread: Stopping because end time detected by thread: 重点雨水情 1-12
2026-06-13 14:15:49,498 INFO o.a.j.t.JMeterThread: Thread finished: 重点雨水情 1-12
2026-06-13 14:15:49,528 INFO o.a.j.t.JMeterThread: Stopping because end time detected by thread: 重点雨水情 1-46
2026-06-13 14:15:49,528 INFO o.a.j.t.JMeterThread: Thread finished: 重点雨水情 1-46
2026-06-13 14:15:49,529 INFO o.a.j.t.JMeterThread: Stopping because end time detected by thread: 重点雨水情 1-7
2026-06-13 14:15:49,529 INFO o.a.j.t.JMeterThread: Thread finished: 重点雨水情 1-7
2026-06-13 14:15:49,575 INFO o.a.j.t.JMeterThread: Stopping because end time detected by thread: 重点雨水情 1-41
2026-06-13 14:15:49,575 INFO o.a.j.t.JMeterThread: Thread finished: 重点雨水情 1-41
2026-06-13 14:15:49,586 INFO o.a.j.t.JMeterThread: Stopping because end time detected by thread: 重点雨水情 1-43
2026-06-13 14:15:49,586 INFO o.a.j.t.JMeterThread: Thread finished: 重点雨水情 1-43
2026-06-13 14:15:49,628 INFO o.a.j.t.JMeterThread: Stopping because end time detected by thread: 重点雨水情 1-33
2026-06-13 14:15:49,628 INFO o.a.j.t.JMeterThread: Thread finished: 重点雨水情 1-33
2026-06-13 14:15:49,644 INFO o.a.j.t.JMeterThread: Stopping because end time detected by thread: 重点雨水情 1-35
2026-06-13 14:15:49,644 INFO o.a.j.t.JMeterThread: Thread finished: 重点雨水情 1-35
2026-06-13 14:15:49,651 INFO o.a.j.t.JMeterThread: Stopping because end time detected by thread: 重点雨水情 1-47
2026-06-13 14:15:49,651 INFO o.a.j.t.JMeterThread: Thread finished: 重点雨水情 1-47
2026-06-13 14:15:49,662 INFO o.a.j.t.JMeterThread: Stopping because end time detected by thread: 重点雨水情 1-1
2026-06-13 14:15:49,662 INFO o.a.j.t.JMeterThread: Thread finished: 重点雨水情 1-1
2026-06-13 14:15:49,735 INFO o.a.j.t.JMeterThread: Stopping because end time detected by thread: 重点雨水情 1-30
2026-06-13 14:15:49,735 INFO o.a.j.t.JMeterThread: Thread finished: 重点雨水情 1-30
2026-06-13 14:15:49,744 INFO o.a.j.t.JMeterThread: Stopping because end time detected by thread: 重点雨水情 1-6
2026-06-13 14:15:49,744 INFO o.a.j.t.JMeterThread: Thread finished: 重点雨水情 1-6
2026-06-13 14:15:49,748 INFO o.a.j.t.JMeterThread: Stopping because end time detected by thread: 重点雨水情 1-45
2026-06-13 14:15:49,748 INFO o.a.j.t.JMeterThread: Thread finished: 重点雨水情 1-45
2026-06-13 14:15:49,761 INFO o.a.j.t.JMeterThread: Stopping because end time detected by thread: 重点雨水情 1-9
2026-06-13 14:15:49,761 INFO o.a.j.t.JMeterThread: Thread finished: 重点雨水情 1-9
2026-06-13 14:15:49,768 INFO o.a.j.t.JMeterThread: Stopping because end time detected by thread: 重点雨水情 1-25
2026-06-13 14:15:49,768 INFO o.a.j.t.JMeterThread: Thread finished: 重点雨水情 1-25
2026-06-13 14:15:49,798 INFO o.a.j.t.JMeterThread: Stopping because end time detected by thread: 重点雨水情 1-18
2026-06-13 14:15:49,799 INFO o.a.j.t.JMeterThread: Thread finished: 重点雨水情 1-18
2026-06-13 14:15:49,848 INFO o.a.j.t.JMeterThread: Stopping because end time detected by thread: 重点雨水情 1-42
2026-06-13 14:15:49,848 INFO o.a.j.t.JMeterThread: Thread finished: 重点雨水情 1-42
2026-06-13 14:15:49,866 INFO o.a.j.t.JMeterThread: Stopping because end time detected by thread: 重点雨水情 1-13
2026-06-13 14:15:49,866 INFO o.a.j.t.JMeterThread: Thread finished: 重点雨水情 1-13
2026-06-13 14:15:49,882 INFO o.a.j.t.JMeterThread: Stopping because end time detected by thread: 重点雨水情 1-49
2026-06-13 14:15:49,882 INFO o.a.j.t.JMeterThread: Thread finished: 重点雨水情 1-49
2026-06-13 14:15:49,912 INFO o.a.j.t.JMeterThread: Stopping because end time detected by thread: 重点雨水情 1-31
2026-06-13 14:15:49,912 INFO o.a.j.t.JMeterThread: Thread finished: 重点雨水情 1-31
2026-06-13 14:15:49,927 INFO o.a.j.t.JMeterThread: Stopping because end time detected by thread: 重点雨水情 1-27
2026-06-13 14:15:49,927 INFO o.a.j.t.JMeterThread: Thread finished: 重点雨水情 1-27
2026-06-13 14:15:49,942 INFO o.a.j.t.JMeterThread: Stopping because end time detected by thread: 重点雨水情 1-40
2026-06-13 14:15:49,942 INFO o.a.j.t.JMeterThread: Thread finished: 重点雨水情 1-40
2026-06-13 14:15:49,966 INFO o.a.j.t.JMeterThread: Stopping because end time detected by thread: 重点雨水情 1-23
2026-06-13 14:15:49,966 INFO o.a.j.t.JMeterThread: Thread finished: 重点雨水情 1-23
2026-06-13 14:15:49,993 INFO o.a.j.t.JMeterThread: Stopping because end time detected by thread: 重点雨水情 1-22
2026-06-13 14:15:49,993 INFO o.a.j.t.JMeterThread: Thread finished: 重点雨水情 1-22
2026-06-13 14:15:50,232 INFO o.a.j.t.JMeterThread: Stopping because end time detected by thread: 重点雨水情 1-11
2026-06-13 14:15:50,232 INFO o.a.j.t.JMeterThread: Thread finished: 重点雨水情 1-11
2026-06-13 14:15:50,304 INFO o.a.j.t.JMeterThread: Stopping because end time detected by thread: 重点雨水情 1-17
2026-06-13 14:15:50,304 INFO o.a.j.t.JMeterThread: Thread finished: 重点雨水情 1-17
2026-06-13 14:15:50,346 INFO o.a.j.t.JMeterThread: Stopping because end time detected by thread: 重点雨水情 1-19
2026-06-13 14:15:50,346 INFO o.a.j.t.JMeterThread: Thread finished: 重点雨水情 1-19
2026-06-13 14:15:50,349 INFO o.a.j.t.JMeterThread: Stopping because end time detected by thread: 重点雨水情 1-26
2026-06-13 14:15:50,349 INFO o.a.j.t.JMeterThread: Thread finished: 重点雨水情 1-26
2026-06-13 14:15:50,448 INFO o.a.j.t.JMeterThread: Stopping because end time detected by thread: 重点雨水情 1-3
2026-06-13 14:15:50,448 INFO o.a.j.t.JMeterThread: Thread finished: 重点雨水情 1-3
2026-06-13 14:15:50,519 INFO o.a.j.t.JMeterThread: Stopping because end time detected by thread: 重点雨水情 1-8
2026-06-13 14:15:50,519 INFO o.a.j.t.JMeterThread: Thread finished: 重点雨水情 1-8
2026-06-13 14:15:51,452 INFO o.a.j.t.JMeterThread: Stopping because end time detected by thread: 重点雨水情 1-20
2026-06-13 14:15:51,452 INFO o.a.j.t.JMeterThread: Thread finished: 重点雨水情 1-20
2026-06-13 14:15:51,642 INFO o.a.j.t.JMeterThread: Stopping because end time detected by thread: 重点雨水情 1-10
2026-06-13 14:15:51,643 INFO o.a.j.t.JMeterThread: Thread finished: 重点雨水情 1-10
2026-06-13 14:16:01,151 INFO o.a.j.t.JMeterThread: Stopping because end time detected by thread: 重点雨水情 1-4
2026-06-13 14:16:01,151 INFO o.a.j.t.JMeterThread: Thread finished: 重点雨水情 1-4
2026-06-13 14:16:10,444 INFO o.a.j.t.JMeterThread: Stopping because end time detected by thread: 重点雨水情 1-37
2026-06-13 14:16:10,444 INFO o.a.j.t.JMeterThread: Thread finished: 重点雨水情 1-37
2026-06-13 14:25:55,648 INFO o.a.j.g.a.Start: Stopping test
2026-06-13 14:25:55,656 INFO o.a.j.t.JMeterThread: Stopping: 重点雨水情 1-36
2026-06-13 14:25:55,656 WARN o.a.j.t.JMeterThread: Interrupting: 重点雨水情 1-36 sampler: 重点雨水情
2026-06-13 14:25:55,657 INFO o.a.j.t.JMeterThread: Stopping: 重点雨水情 1-2
2026-06-13 14:25:55,657 WARN o.a.j.t.JMeterThread: Interrupting: 重点雨水情 1-2 sampler: 重点雨水情
2026-06-13 14:25:55,657 INFO o.a.j.t.JMeterThread: Stopping because end time detected by thread: 重点雨水情 1-36
2026-06-13 14:25:55,657 INFO o.a.j.t.JMeterThread: Thread finished: 重点雨水情 1-36
2026-06-13 14:25:55,658 INFO o.a.j.t.JMeterThread: Stopping because end time detected by thread: 重点雨水情 1-2
2026-06-13 14:25:55,658 INFO o.a.j.t.JMeterThread: Thread finished: 重点雨水情 1-2
2026-06-13 14:25:55,658 INFO o.a.j.e.StandardJMeterEngine: Notifying test listeners of end of test
2026-06-13 14:25:55,658 INFO o.a.j.g.u.JMeterMenuBar: setRunning(false, *local*)
2026-06-13 14:27:51,441 INFO o.a.j.e.StandardJMeterEngine: Running the test!
2026-06-13 14:27:51,442 INFO o.a.j.s.SampleEvent: List of sample_variables: []
2026-06-13 14:27:51,442 INFO o.a.j.g.u.JMeterMenuBar: setRunning(true, *local*)
2026-06-13 14:27:51,489 INFO o.a.j.e.StandardJMeterEngine: Starting ThreadGroup: 1 : 大江大河
2026-06-13 14:27:51,489 INFO o.a.j.e.StandardJMeterEngine: Starting 50 threads for group 大江大河.
2026-06-13 14:27:51,489 INFO o.a.j.e.StandardJMeterEngine: Thread will continue on error
2026-06-13 14:27:51,489 INFO o.a.j.t.ThreadGroup: Starting thread group... number=1 threads=50 ramp-up=0 delayedStart=false
2026-06-13 14:27:51,490 INFO o.a.j.t.JMeterThread: Thread started: 大江大河 1-1
2026-06-13 14:27:51,491 INFO o.a.j.t.JMeterThread: Thread started: 大江大河 1-4
2026-06-13 14:27:51,491 INFO o.a.j.t.JMeterThread: Thread started: 大江大河 1-5
2026-06-13 14:27:51,492 INFO o.a.j.t.JMeterThread: Thread started: 大江大河 1-2
2026-06-13 14:27:51,493 INFO o.a.j.t.JMeterThread: Thread started: 大江大河 1-6
2026-06-13 14:27:51,493 INFO o.a.j.t.JMeterThread: Thread started: 大江大河 1-3
2026-06-13 14:27:51,494 INFO o.a.j.t.JMeterThread: Thread started: 大江大河 1-8
2026-06-13 14:27:51,494 INFO o.a.j.t.JMeterThread: Thread started: 大江大河 1-16
2026-06-13 14:27:51,498 INFO o.a.j.t.JMeterThread: Thread started: 大江大河 1-9
2026-06-13 14:27:51,499 INFO o.a.j.t.JMeterThread: Thread started: 大江大河 1-10
2026-06-13 14:27:51,500 INFO o.a.j.t.JMeterThread: Thread started: 大江大河 1-37
2026-06-13 14:27:51,500 INFO o.a.j.t.JMeterThread: Thread started: 大江大河 1-13
2026-06-13 14:27:51,500 INFO o.a.j.t.JMeterThread: Thread started: 大江大河 1-49
2026-06-13 14:27:51,500 INFO o.a.j.t.ThreadGroup: Started thread group number 1
2026-06-13 14:27:51,501 INFO o.a.j.e.StandardJMeterEngine: All thread groups have been started
2026-06-13 14:27:51,501 INFO o.a.j.t.JMeterThread: Thread started: 大江大河 1-17
2026-06-13 14:27:51,501 INFO o.a.j.t.JMeterThread: Thread started: 大江大河 1-7
2026-06-13 14:27:51,502 INFO o.a.j.t.JMeterThread: Thread started: 大江大河 1-14
2026-06-13 14:27:51,502 INFO o.a.j.t.JMeterThread: Thread started: 大江大河 1-15
2026-06-13 14:27:51,503 INFO o.a.j.t.JMeterThread: Thread started: 大江大河 1-18
2026-06-13 14:27:51,503 INFO o.a.j.t.JMeterThread: Thread started: 大江大河 1-19
2026-06-13 14:27:51,503 INFO o.a.j.t.JMeterThread: Thread started: 大江大河 1-22
2026-06-13 14:27:51,503 INFO o.a.j.t.JMeterThread: Thread started: 大江大河 1-25
2026-06-13 14:27:51,504 INFO o.a.j.t.JMeterThread: Thread started: 大江大河 1-20
2026-06-13 14:27:51,504 INFO o.a.j.t.JMeterThread: Thread started: 大江大河 1-26
2026-06-13 14:27:51,504 INFO o.a.j.t.JMeterThread: Thread started: 大江大河 1-21
2026-06-13 14:27:51,505 INFO o.a.j.t.JMeterThread: Thread started: 大江大河 1-29
2026-06-13 14:27:51,505 INFO o.a.j.t.JMeterThread: Thread started: 大江大河 1-30
2026-06-13 14:27:51,507 INFO o.a.j.t.JMeterThread: Thread started: 大江大河 1-33
2026-06-13 14:27:51,508 INFO o.a.j.t.JMeterThread: Thread started: 大江大河 1-34
2026-06-13 14:27:51,508 INFO o.a.j.t.JMeterThread: Thread started: 大江大河 1-23
2026-06-13 14:27:51,509 INFO o.a.j.t.JMeterThread: Thread started: 大江大河 1-24
2026-06-13 14:27:51,510 INFO o.a.j.t.JMeterThread: Thread started: 大江大河 1-27
2026-06-13 14:27:51,510 INFO o.a.j.t.JMeterThread: Thread started: 大江大河 1-28
2026-06-13 14:27:51,511 INFO o.a.j.t.JMeterThread: Thread started: 大江大河 1-31
2026-06-13 14:27:51,512 INFO o.a.j.t.JMeterThread: Thread started: 大江大河 1-32
2026-06-13 14:27:51,514 INFO o.a.j.t.JMeterThread: Thread started: 大江大河 1-35
2026-06-13 14:27:51,515 INFO o.a.j.t.JMeterThread: Thread started: 大江大河 1-36
2026-06-13 14:27:51,516 INFO o.a.j.t.JMeterThread: Thread started: 大江大河 1-39
2026-06-13 14:27:51,516 INFO o.a.j.t.JMeterThread: Thread started: 大江大河 1-40
2026-06-13 14:27:51,516 INFO o.a.j.t.JMeterThread: Thread started: 大江大河 1-43
2026-06-13 14:27:51,516 INFO o.a.j.t.JMeterThread: Thread started: 大江大河 1-44
2026-06-13 14:27:51,517 INFO o.a.j.t.JMeterThread: Thread started: 大江大河 1-11
2026-06-13 14:27:51,518 INFO o.a.j.t.JMeterThread: Thread started: 大江大河 1-38
2026-06-13 14:27:51,518 INFO o.a.j.t.JMeterThread: Thread started: 大江大河 1-41
2026-06-13 14:27:51,518 INFO o.a.j.t.JMeterThread: Thread started: 大江大河 1-42
2026-06-13 14:27:51,518 INFO o.a.j.t.JMeterThread: Thread started: 大江大河 1-45
2026-06-13 14:27:51,518 INFO o.a.j.t.JMeterThread: Thread started: 大江大河 1-46
2026-06-13 14:27:51,518 INFO o.a.j.t.JMeterThread: Thread started: 大江大河 1-47
2026-06-13 14:27:51,518 INFO o.a.j.t.JMeterThread: Thread started: 大江大河 1-12
2026-06-13 14:27:51,518 INFO o.a.j.t.JMeterThread: Thread started: 大江大河 1-48
2026-06-13 14:27:51,520 INFO o.a.j.t.JMeterThread: Thread started: 大江大河 1-50
2026-06-13 14:32:51,597 INFO o.a.j.t.JMeterThread: Stopping because end time detected by thread: 大江大河 1-38
2026-06-13 14:32:51,598 INFO o.a.j.t.JMeterThread: Thread finished: 大江大河 1-38
2026-06-13 14:32:51,618 INFO o.a.j.t.JMeterThread: Stopping because end time detected by thread: 大江大河 1-47
2026-06-13 14:32:51,618 INFO o.a.j.t.JMeterThread: Thread finished: 大江大河 1-47
2026-06-13 14:32:51,636 INFO o.a.j.t.JMeterThread: Stopping because end time detected by thread: 大江大河 1-46
2026-06-13 14:32:51,636 INFO o.a.j.t.JMeterThread: Thread finished: 大江大河 1-46
2026-06-13 14:32:51,768 INFO o.a.j.t.JMeterThread: Stopping because end time detected by thread: 大江大河 1-12
2026-06-13 14:32:51,768 INFO o.a.j.t.JMeterThread: Thread finished: 大江大河 1-12
2026-06-13 14:32:51,805 INFO o.a.j.t.JMeterThread: Stopping because end time detected by thread: 大江大河 1-36
2026-06-13 14:32:51,805 INFO o.a.j.t.JMeterThread: Thread finished: 大江大河 1-36
2026-06-13 14:32:51,805 INFO o.a.j.t.JMeterThread: Stopping because end time detected by thread: 大江大河 1-41
2026-06-13 14:32:51,805 INFO o.a.j.t.JMeterThread: Thread finished: 大江大河 1-41
2026-06-13 14:32:52,015 INFO o.a.j.t.JMeterThread: Stopping because end time detected by thread: 大江大河 1-30
2026-06-13 14:32:52,015 INFO o.a.j.t.JMeterThread: Thread finished: 大江大河 1-30
2026-06-13 14:32:52,069 INFO o.a.j.t.JMeterThread: Stopping because end time detected by thread: 大江大河 1-40
2026-06-13 14:32:52,069 INFO o.a.j.t.JMeterThread: Thread finished: 大江大河 1-40
2026-06-13 14:32:52,096 INFO o.a.j.t.JMeterThread: Stopping because end time detected by thread: 大江大河 1-1
2026-06-13 14:32:52,096 INFO o.a.j.t.JMeterThread: Thread finished: 大江大河 1-1
2026-06-13 14:32:52,118 INFO o.a.j.t.JMeterThread: Stopping because end time detected by thread: 大江大河 1-35
2026-06-13 14:32:52,118 INFO o.a.j.t.JMeterThread: Thread finished: 大江大河 1-35
2026-06-13 14:32:52,215 INFO o.a.j.t.JMeterThread: Stopping because end time detected by thread: 大江大河 1-43
2026-06-13 14:32:52,216 INFO o.a.j.t.JMeterThread: Thread finished: 大江大河 1-43
2026-06-13 14:32:52,280 INFO o.a.j.t.JMeterThread: Stopping because end time detected by thread: 大江大河 1-20
2026-06-13 14:32:52,280 INFO o.a.j.t.JMeterThread: Thread finished: 大江大河 1-20
2026-06-13 14:32:52,378 INFO o.a.j.t.JMeterThread: Stopping because end time detected by thread: 大江大河 1-34
2026-06-13 14:32:52,378 INFO o.a.j.t.JMeterThread: Thread finished: 大江大河 1-34
2026-06-13 14:32:52,416 INFO o.a.j.t.JMeterThread: Stopping because end time detected by thread: 大江大河 1-22
2026-06-13 14:32:52,417 INFO o.a.j.t.JMeterThread: Thread finished: 大江大河 1-22
2026-06-13 14:32:52,417 INFO o.a.j.t.JMeterThread: Stopping because end time detected by thread: 大江大河 1-48
2026-06-13 14:32:52,417 INFO o.a.j.t.JMeterThread: Thread finished: 大江大河 1-48
2026-06-13 14:32:52,426 INFO o.a.j.t.JMeterThread: Stopping because end time detected by thread: 大江大河 1-45
2026-06-13 14:32:52,427 INFO o.a.j.t.JMeterThread: Thread finished: 大江大河 1-45
2026-06-13 14:32:52,456 INFO o.a.j.t.JMeterThread: Stopping because end time detected by thread: 大江大河 1-4
2026-06-13 14:32:52,456 INFO o.a.j.t.JMeterThread: Thread finished: 大江大河 1-4
2026-06-13 14:32:52,549 INFO o.a.j.t.JMeterThread: Stopping because end time detected by thread: 大江大河 1-18
2026-06-13 14:32:52,549 INFO o.a.j.t.JMeterThread: Thread finished: 大江大河 1-18
2026-06-13 14:32:52,570 INFO o.a.j.t.JMeterThread: Stopping because end time detected by thread: 大江大河 1-31
2026-06-13 14:32:52,570 INFO o.a.j.t.JMeterThread: Thread finished: 大江大河 1-31
2026-06-13 14:32:52,580 INFO o.a.j.t.JMeterThread: Stopping because end time detected by thread: 大江大河 1-32
2026-06-13 14:32:52,580 INFO o.a.j.t.JMeterThread: Thread finished: 大江大河 1-32
2026-06-13 14:32:52,642 INFO o.a.j.t.JMeterThread: Stopping because end time detected by thread: 大江大河 1-5
2026-06-13 14:32:52,642 INFO o.a.j.t.JMeterThread: Thread finished: 大江大河 1-5
2026-06-13 14:32:52,648 INFO o.a.j.t.JMeterThread: Stopping because end time detected by thread: 大江大河 1-49
2026-06-13 14:32:52,648 INFO o.a.j.t.JMeterThread: Thread finished: 大江大河 1-49
2026-06-13 14:32:52,649 INFO o.a.j.t.JMeterThread: Stopping because end time detected by thread: 大江大河 1-29
2026-06-13 14:32:52,649 INFO o.a.j.t.JMeterThread: Thread finished: 大江大河 1-29
2026-06-13 14:32:52,728 INFO o.a.j.t.JMeterThread: Stopping because end time detected by thread: 大江大河 1-27
2026-06-13 14:32:52,728 INFO o.a.j.t.JMeterThread: Stopping because end time detected by thread: 大江大河 1-42
2026-06-13 14:32:52,728 INFO o.a.j.t.JMeterThread: Thread finished: 大江大河 1-27
2026-06-13 14:32:52,728 INFO o.a.j.t.JMeterThread: Thread finished: 大江大河 1-42
2026-06-13 14:32:52,762 INFO o.a.j.t.JMeterThread: Stopping because end time detected by thread: 大江大河 1-50
2026-06-13 14:32:52,762 INFO o.a.j.t.JMeterThread: Stopping because end time detected by thread: 大江大河 1-19
2026-06-13 14:32:52,762 INFO o.a.j.t.JMeterThread: Thread finished: 大江大河 1-50
2026-06-13 14:32:52,762 INFO o.a.j.t.JMeterThread: Thread finished: 大江大河 1-19
2026-06-13 14:32:52,776 INFO o.a.j.t.JMeterThread: Stopping because end time detected by thread: 大江大河 1-7
2026-06-13 14:32:52,776 INFO o.a.j.t.JMeterThread: Stopping because end time detected by thread: 大江大河 1-10
2026-06-13 14:32:52,776 INFO o.a.j.t.JMeterThread: Thread finished: 大江大河 1-7
2026-06-13 14:32:52,776 INFO o.a.j.t.JMeterThread: Thread finished: 大江大河 1-10
2026-06-13 14:32:52,776 INFO o.a.j.t.JMeterThread: Stopping because end time detected by thread: 大江大河 1-33
2026-06-13 14:32:52,776 INFO o.a.j.t.JMeterThread: Thread finished: 大江大河 1-33
2026-06-13 14:32:52,827 INFO o.a.j.t.JMeterThread: Stopping because end time detected by thread: 大江大河 1-17
2026-06-13 14:32:52,827 INFO o.a.j.t.JMeterThread: Thread finished: 大江大河 1-17
2026-06-13 14:32:52,842 INFO o.a.j.t.JMeterThread: Stopping because end time detected by thread: 大江大河 1-6
2026-06-13 14:32:52,842 INFO o.a.j.t.JMeterThread: Thread finished: 大江大河 1-6
2026-06-13 14:32:52,869 INFO o.a.j.t.JMeterThread: Stopping because end time detected by thread: 大江大河 1-2
2026-06-13 14:32:52,869 INFO o.a.j.t.JMeterThread: Thread finished: 大江大河 1-2
2026-06-13 14:32:52,915 INFO o.a.j.t.JMeterThread: Stopping because end time detected by thread: 大江大河 1-15
2026-06-13 14:32:52,917 INFO o.a.j.t.JMeterThread: Thread finished: 大江大河 1-15
2026-06-13 14:32:52,937 INFO o.a.j.t.JMeterThread: Stopping because end time detected by thread: 大江大河 1-26
2026-06-13 14:32:52,938 INFO o.a.j.t.JMeterThread: Thread finished: 大江大河 1-26
2026-06-13 14:32:52,965 INFO o.a.j.t.JMeterThread: Stopping because end time detected by thread: 大江大河 1-24
2026-06-13 14:32:52,965 INFO o.a.j.t.JMeterThread: Thread finished: 大江大河 1-24
2026-06-13 14:32:53,027 INFO o.a.j.t.JMeterThread: Stopping because end time detected by thread: 大江大河 1-23
2026-06-13 14:32:53,027 INFO o.a.j.t.JMeterThread: Thread finished: 大江大河 1-23
2026-06-13 14:32:53,028 INFO o.a.j.t.JMeterThread: Stopping because end time detected by thread: 大江大河 1-14
2026-06-13 14:32:53,028 INFO o.a.j.t.JMeterThread: Thread finished: 大江大河 1-14
2026-06-13 14:32:53,087 INFO o.a.j.t.JMeterThread: Stopping because end time detected by thread: 大江大河 1-16
2026-06-13 14:32:53,088 INFO o.a.j.t.JMeterThread: Thread finished: 大江大河 1-16
2026-06-13 14:32:53,096 INFO o.a.j.t.JMeterThread: Stopping because end time detected by thread: 大江大河 1-25
2026-06-13 14:32:53,097 INFO o.a.j.t.JMeterThread: Thread finished: 大江大河 1-25
2026-06-13 14:32:53,125 INFO o.a.j.t.JMeterThread: Stopping because end time detected by thread: 大江大河 1-44
2026-06-13 14:32:53,125 INFO o.a.j.t.JMeterThread: Thread finished: 大江大河 1-44
2026-06-13 14:32:53,150 INFO o.a.j.t.JMeterThread: Stopping because end time detected by thread: 大江大河 1-13
2026-06-13 14:32:53,150 INFO o.a.j.t.JMeterThread: Thread finished: 大江大河 1-13
2026-06-13 14:32:54,007 INFO o.a.j.t.JMeterThread: Stopping because end time detected by thread: 大江大河 1-21
2026-06-13 14:32:54,007 INFO o.a.j.t.JMeterThread: Thread finished: 大江大河 1-21
2026-06-13 14:32:54,290 INFO o.a.j.t.JMeterThread: Stopping because end time detected by thread: 大江大河 1-9
2026-06-13 14:32:54,290 INFO o.a.j.t.JMeterThread: Thread finished: 大江大河 1-9
2026-06-13 14:32:54,411 INFO o.a.j.t.JMeterThread: Stopping because end time detected by thread: 大江大河 1-11
2026-06-13 14:32:54,411 INFO o.a.j.t.JMeterThread: Thread finished: 大江大河 1-11
2026-06-13 14:32:54,691 INFO o.a.j.t.JMeterThread: Stopping because end time detected by thread: 大江大河 1-3
2026-06-13 14:32:54,692 INFO o.a.j.t.JMeterThread: Thread finished: 大江大河 1-3
2026-06-13 14:32:56,668 INFO o.a.j.t.JMeterThread: Stopping because end time detected by thread: 大江大河 1-37
2026-06-13 14:32:56,669 INFO o.a.j.t.JMeterThread: Thread finished: 大江大河 1-37
2026-06-13 14:32:56,700 INFO o.a.j.t.JMeterThread: Stopping because end time detected by thread: 大江大河 1-28
2026-06-13 14:32:56,700 INFO o.a.j.t.JMeterThread: Thread finished: 大江大河 1-28
2026-06-13 14:33:02,161 INFO o.a.j.t.JMeterThread: Stopping because end time detected by thread: 大江大河 1-39
2026-06-13 14:33:02,161 INFO o.a.j.t.JMeterThread: Thread finished: 大江大河 1-39
2026-06-13 14:33:19,668 INFO o.a.j.t.JMeterThread: Stopping because end time detected by thread: 大江大河 1-8
2026-06-13 14:33:19,668 INFO o.a.j.t.JMeterThread: Thread finished: 大江大河 1-8
2026-06-13 14:33:19,669 INFO o.a.j.e.StandardJMeterEngine: Notifying test listeners of end of test
2026-06-13 14:33:19,669 INFO o.a.j.g.u.JMeterMenuBar: setRunning(false, *local*)
2026-06-13 15:27:34,525 INFO o.a.j.e.StandardJMeterEngine: Running the test!
2026-06-13 15:27:34,526 INFO o.a.j.s.SampleEvent: List of sample_variables: []
2026-06-13 15:27:34,526 INFO o.a.j.g.u.JMeterMenuBar: setRunning(true, *local*)
2026-06-13 15:27:34,577 INFO o.a.j.e.StandardJMeterEngine: Starting ThreadGroup: 1 : 大江大河
2026-06-13 15:27:34,577 INFO o.a.j.e.StandardJMeterEngine: Starting 40 threads for group 大江大河.
2026-06-13 15:27:34,577 INFO o.a.j.e.StandardJMeterEngine: Thread will continue on error
2026-06-13 15:27:34,577 INFO o.a.j.t.ThreadGroup: Starting thread group... number=1 threads=40 ramp-up=0 delayedStart=false
2026-06-13 15:27:34,578 INFO o.a.j.t.JMeterThread: Thread started: 大江大河 1-1
2026-06-13 15:27:34,579 INFO o.a.j.t.JMeterThread: Thread started: 大江大河 1-2
2026-06-13 15:27:34,580 INFO o.a.j.t.JMeterThread: Thread started: 大江大河 1-4
2026-06-13 15:27:34,582 INFO o.a.j.t.JMeterThread: Thread started: 大江大河 1-8
2026-06-13 15:27:34,582 INFO o.a.j.t.JMeterThread: Thread started: 大江大河 1-9
2026-06-13 15:27:34,583 INFO o.a.j.t.JMeterThread: Thread started: 大江大河 1-5
2026-06-13 15:27:34,589 INFO o.a.j.t.JMeterThread: Thread started: 大江大河 1-12
2026-06-13 15:27:34,589 INFO o.a.j.t.ThreadGroup: Started thread group number 1
2026-06-13 15:27:34,589 INFO o.a.j.e.StandardJMeterEngine: All thread groups have been started
2026-06-13 15:27:34,591 INFO o.a.j.t.JMeterThread: Thread started: 大江大河 1-6
2026-06-13 15:27:34,592 INFO o.a.j.t.JMeterThread: Thread started: 大江大河 1-27
2026-06-13 15:27:34,593 INFO o.a.j.t.JMeterThread: Thread started: 大江大河 1-10
2026-06-13 15:27:34,593 INFO o.a.j.t.JMeterThread: Thread started: 大江大河 1-11
2026-06-13 15:27:34,594 INFO o.a.j.t.JMeterThread: Thread started: 大江大河 1-13
2026-06-13 15:27:34,594 INFO o.a.j.t.JMeterThread: Thread started: 大江大河 1-3
2026-06-13 15:27:34,594 INFO o.a.j.t.JMeterThread: Thread started: 大江大河 1-14
2026-06-13 15:27:34,595 INFO o.a.j.t.JMeterThread: Thread started: 大江大河 1-15
2026-06-13 15:27:34,595 INFO o.a.j.t.JMeterThread: Thread started: 大江大河 1-18
2026-06-13 15:27:34,595 INFO o.a.j.t.JMeterThread: Thread started: 大江大河 1-16
2026-06-13 15:27:34,595 INFO o.a.j.t.JMeterThread: Thread started: 大江大河 1-17
2026-06-13 15:27:34,596 INFO o.a.j.t.JMeterThread: Thread started: 大江大河 1-20
2026-06-13 15:27:34,596 INFO o.a.j.t.JMeterThread: Thread started: 大江大河 1-21
2026-06-13 15:27:34,596 INFO o.a.j.t.JMeterThread: Thread started: 大江大河 1-25
2026-06-13 15:27:34,596 INFO o.a.j.t.JMeterThread: Thread started: 大江大河 1-24
2026-06-13 15:27:34,597 INFO o.a.j.t.JMeterThread: Thread started: 大江大河 1-28
2026-06-13 15:27:34,597 INFO o.a.j.t.JMeterThread: Thread started: 大江大河 1-29
2026-06-13 15:27:34,598 INFO o.a.j.t.JMeterThread: Thread started: 大江大河 1-32
2026-06-13 15:27:34,598 INFO o.a.j.t.JMeterThread: Thread started: 大江大河 1-37
2026-06-13 15:27:34,598 INFO o.a.j.t.JMeterThread: Thread started: 大江大河 1-36
2026-06-13 15:27:34,599 INFO o.a.j.t.JMeterThread: Thread started: 大江大河 1-33
2026-06-13 15:27:34,600 INFO o.a.j.t.JMeterThread: Thread started: 大江大河 1-40
2026-06-13 15:27:34,602 INFO o.a.j.t.JMeterThread: Thread started: 大江大河 1-19
2026-06-13 15:27:34,603 INFO o.a.j.t.JMeterThread: Thread started: 大江大河 1-22
2026-06-13 15:27:34,603 INFO o.a.j.t.JMeterThread: Thread started: 大江大河 1-23
2026-06-13 15:27:34,604 INFO o.a.j.t.JMeterThread: Thread started: 大江大河 1-7
2026-06-13 15:27:34,604 INFO o.a.j.t.JMeterThread: Thread started: 大江大河 1-26
2026-06-13 15:27:34,604 INFO o.a.j.t.JMeterThread: Thread started: 大江大河 1-31
2026-06-13 15:27:34,605 INFO o.a.j.t.JMeterThread: Thread started: 大江大河 1-34
2026-06-13 15:27:34,605 INFO o.a.j.t.JMeterThread: Thread started: 大江大河 1-35
2026-06-13 15:27:34,606 INFO o.a.j.t.JMeterThread: Thread started: 大江大河 1-38
2026-06-13 15:27:34,606 INFO o.a.j.t.JMeterThread: Thread started: 大江大河 1-39
2026-06-13 15:27:34,606 INFO o.a.j.t.JMeterThread: Thread started: 大江大河 1-30
2026-06-13 15:32:34,752 INFO o.a.j.t.JMeterThread: Stopping because end time detected by thread: 大江大河 1-32
2026-06-13 15:32:34,752 INFO o.a.j.t.JMeterThread: Thread finished: 大江大河 1-32
2026-06-13 15:32:34,753 INFO o.a.j.t.JMeterThread: Stopping because end time detected by thread: 大江大河 1-33
2026-06-13 15:32:34,753 INFO o.a.j.t.JMeterThread: Thread finished: 大江大河 1-33
2026-06-13 15:32:34,765 INFO o.a.j.t.JMeterThread: Stopping because end time detected by thread: 大江大河 1-12
2026-06-13 15:32:34,765 INFO o.a.j.t.JMeterThread: Thread finished: 大江大河 1-12
2026-06-13 15:32:34,773 INFO o.a.j.t.JMeterThread: Stopping because end time detected by thread: 大江大河 1-4
2026-06-13 15:32:34,773 INFO o.a.j.t.JMeterThread: Thread finished: 大江大河 1-4
2026-06-13 15:32:34,791 INFO o.a.j.t.JMeterThread: Stopping because end time detected by thread: 大江大河 1-13
2026-06-13 15:32:34,792 INFO o.a.j.t.JMeterThread: Thread finished: 大江大河 1-13
2026-06-13 15:32:34,804 INFO o.a.j.t.JMeterThread: Stopping because end time detected by thread: 大江大河 1-39
2026-06-13 15:32:34,804 INFO o.a.j.t.JMeterThread: Thread finished: 大江大河 1-39
2026-06-13 15:32:34,866 INFO o.a.j.t.JMeterThread: Stopping because end time detected by thread: 大江大河 1-30
2026-06-13 15:32:34,866 INFO o.a.j.t.JMeterThread: Thread finished: 大江大河 1-30
2026-06-13 15:32:34,986 INFO o.a.j.t.JMeterThread: Stopping because end time detected by thread: 大江大河 1-3
2026-06-13 15:32:34,986 INFO o.a.j.t.JMeterThread: Thread finished: 大江大河 1-3
2026-06-13 15:32:35,033 INFO o.a.j.t.JMeterThread: Stopping because end time detected by thread: 大江大河 1-28
2026-06-13 15:32:35,033 INFO o.a.j.t.JMeterThread: Thread finished: 大江大河 1-28
2026-06-13 15:32:35,085 INFO o.a.j.t.JMeterThread: Stopping because end time detected by thread: 大江大河 1-7
2026-06-13 15:32:35,085 INFO o.a.j.t.JMeterThread: Thread finished: 大江大河 1-7
2026-06-13 15:32:35,114 INFO o.a.j.t.JMeterThread: Stopping because end time detected by thread: 大江大河 1-17
2026-06-13 15:32:35,114 INFO o.a.j.t.JMeterThread: Thread finished: 大江大河 1-17
2026-06-13 15:32:35,179 INFO o.a.j.t.JMeterThread: Stopping because end time detected by thread: 大江大河 1-23
2026-06-13 15:32:35,179 INFO o.a.j.t.JMeterThread: Thread finished: 大江大河 1-23
2026-06-13 15:32:35,219 INFO o.a.j.t.JMeterThread: Stopping because end time detected by thread: 大江大河 1-40
2026-06-13 15:32:35,219 INFO o.a.j.t.JMeterThread: Thread finished: 大江大河 1-40
2026-06-13 15:32:35,219 INFO o.a.j.t.JMeterThread: Stopping because end time detected by thread: 大江大河 1-35
2026-06-13 15:32:35,219 INFO o.a.j.t.JMeterThread: Thread finished: 大江大河 1-35
2026-06-13 15:32:35,273 INFO o.a.j.t.JMeterThread: Stopping because end time detected by thread: 大江大河 1-31
2026-06-13 15:32:35,273 INFO o.a.j.t.JMeterThread: Thread finished: 大江大河 1-31
2026-06-13 15:32:35,288 INFO o.a.j.t.JMeterThread: Stopping because end time detected by thread: 大江大河 1-37
2026-06-13 15:32:35,288 INFO o.a.j.t.JMeterThread: Thread finished: 大江大河 1-37
2026-06-13 15:32:35,337 INFO o.a.j.t.JMeterThread: Stopping because end time detected by thread: 大江大河 1-29
2026-06-13 15:32:35,337 INFO o.a.j.t.JMeterThread: Thread finished: 大江大河 1-29
2026-06-13 15:32:35,344 INFO o.a.j.t.JMeterThread: Stopping because end time detected by thread: 大江大河 1-26
2026-06-13 15:32:35,344 INFO o.a.j.t.JMeterThread: Thread finished: 大江大河 1-26
2026-06-13 15:32:35,384 INFO o.a.j.t.JMeterThread: Stopping because end time detected by thread: 大江大河 1-18
2026-06-13 15:32:35,384 INFO o.a.j.t.JMeterThread: Stopping because end time detected by thread: 大江大河 1-11
2026-06-13 15:32:35,384 INFO o.a.j.t.JMeterThread: Thread finished: 大江大河 1-18
2026-06-13 15:32:35,384 INFO o.a.j.t.JMeterThread: Thread finished: 大江大河 1-11
2026-06-13 15:32:35,411 INFO o.a.j.t.JMeterThread: Stopping because end time detected by thread: 大江大河 1-24
2026-06-13 15:32:35,412 INFO o.a.j.t.JMeterThread: Thread finished: 大江大河 1-24
2026-06-13 15:32:35,437 INFO o.a.j.t.JMeterThread: Stopping because end time detected by thread: 大江大河 1-16
2026-06-13 15:32:35,437 INFO o.a.j.t.JMeterThread: Stopping because end time detected by thread: 大江大河 1-10
2026-06-13 15:32:35,437 INFO o.a.j.t.JMeterThread: Thread finished: 大江大河 1-16
2026-06-13 15:32:35,437 INFO o.a.j.t.JMeterThread: Thread finished: 大江大河 1-10
2026-06-13 15:32:35,444 INFO o.a.j.t.JMeterThread: Stopping because end time detected by thread: 大江大河 1-14
2026-06-13 15:32:35,444 INFO o.a.j.t.JMeterThread: Thread finished: 大江大河 1-14
2026-06-13 15:32:35,534 INFO o.a.j.t.JMeterThread: Stopping because end time detected by thread: 大江大河 1-2
2026-06-13 15:32:35,534 INFO o.a.j.t.JMeterThread: Thread finished: 大江大河 1-2
2026-06-13 15:32:35,569 INFO o.a.j.t.JMeterThread: Stopping because end time detected by thread: 大江大河 1-21
2026-06-13 15:32:35,569 INFO o.a.j.t.JMeterThread: Thread finished: 大江大河 1-21
2026-06-13 15:32:35,575 INFO o.a.j.t.JMeterThread: Stopping because end time detected by thread: 大江大河 1-1
2026-06-13 15:32:35,575 INFO o.a.j.t.JMeterThread: Thread finished: 大江大河 1-1
2026-06-13 15:32:35,723 INFO o.a.j.t.JMeterThread: Stopping because end time detected by thread: 大江大河 1-20
2026-06-13 15:32:35,723 INFO o.a.j.t.JMeterThread: Thread finished: 大江大河 1-20
2026-06-13 15:32:35,803 INFO o.a.j.t.JMeterThread: Stopping because end time detected by thread: 大江大河 1-27
2026-06-13 15:32:35,803 INFO o.a.j.t.JMeterThread: Thread finished: 大江大河 1-27
2026-06-13 15:32:35,858 INFO o.a.j.t.JMeterThread: Stopping because end time detected by thread: 大江大河 1-15
2026-06-13 15:32:35,858 INFO o.a.j.t.JMeterThread: Thread finished: 大江大河 1-15
2026-06-13 15:32:35,948 INFO o.a.j.t.JMeterThread: Stopping because end time detected by thread: 大江大河 1-34
2026-06-13 15:32:35,948 INFO o.a.j.t.JMeterThread: Thread finished: 大江大河 1-34
2026-06-13 15:32:36,026 INFO o.a.j.t.JMeterThread: Stopping because end time detected by thread: 大江大河 1-25
2026-06-13 15:32:36,026 INFO o.a.j.t.JMeterThread: Thread finished: 大江大河 1-25
2026-06-13 15:32:36,054 INFO o.a.j.t.JMeterThread: Stopping because end time detected by thread: 大江大河 1-19
2026-06-13 15:32:36,054 INFO o.a.j.t.JMeterThread: Thread finished: 大江大河 1-19
2026-06-13 15:32:36,793 INFO o.a.j.t.JMeterThread: Stopping because end time detected by thread: 大江大河 1-9
2026-06-13 15:32:36,793 INFO o.a.j.t.JMeterThread: Thread finished: 大江大河 1-9
2026-06-13 15:32:37,447 INFO o.a.j.t.JMeterThread: Stopping because end time detected by thread: 大江大河 1-22
2026-06-13 15:32:37,447 INFO o.a.j.t.JMeterThread: Thread finished: 大江大河 1-22
2026-06-13 15:32:37,614 INFO o.a.j.t.JMeterThread: Stopping because end time detected by thread: 大江大河 1-36
2026-06-13 15:32:37,614 INFO o.a.j.t.JMeterThread: Thread finished: 大江大河 1-36
2026-06-13 15:32:38,228 INFO o.a.j.t.JMeterThread: Stopping because end time detected by thread: 大江大河 1-6
2026-06-13 15:32:38,228 INFO o.a.j.t.JMeterThread: Thread finished: 大江大河 1-6
2026-06-13 15:32:39,284 INFO o.a.j.t.JMeterThread: Stopping because end time detected by thread: 大江大河 1-8
2026-06-13 15:32:39,284 INFO o.a.j.t.JMeterThread: Thread finished: 大江大河 1-8
2026-06-13 15:32:45,187 INFO o.a.j.t.JMeterThread: Stopping because end time detected by thread: 大江大河 1-38
2026-06-13 15:32:45,187 INFO o.a.j.t.JMeterThread: Thread finished: 大江大河 1-38
2026-06-13 15:32:58,844 INFO o.a.j.t.JMeterThread: Stopping because end time detected by thread: 大江大河 1-5
2026-06-13 15:32:58,844 INFO o.a.j.t.JMeterThread: Thread finished: 大江大河 1-5
2026-06-13 15:32:58,844 INFO o.a.j.e.StandardJMeterEngine: Notifying test listeners of end of test
2026-06-13 15:32:58,844 INFO o.a.j.g.u.JMeterMenuBar: setRunning(false, *local*)
2026-06-13 15:38:29,957 INFO o.a.j.e.StandardJMeterEngine: Running the test!
2026-06-13 15:38:29,957 INFO o.a.j.s.SampleEvent: List of sample_variables: []
2026-06-13 15:38:29,957 INFO o.a.j.g.u.JMeterMenuBar: setRunning(true, *local*)
2026-06-13 15:38:29,988 INFO o.a.j.e.StandardJMeterEngine: Starting ThreadGroup: 1 : 大型水库
2026-06-13 15:38:29,989 INFO o.a.j.e.StandardJMeterEngine: Starting 40 threads for group 大型水库.
2026-06-13 15:38:29,989 INFO o.a.j.e.StandardJMeterEngine: Thread will continue on error
2026-06-13 15:38:29,989 INFO o.a.j.t.ThreadGroup: Starting thread group... number=1 threads=40 ramp-up=0 delayedStart=false
2026-06-13 15:38:29,989 INFO o.a.j.t.JMeterThread: Thread started: 大型水库 1-1
2026-06-13 15:38:29,989 INFO o.a.j.t.JMeterThread: Thread started: 大型水库 1-2
2026-06-13 15:38:29,989 INFO o.a.j.t.JMeterThread: Thread started: 大型水库 1-3
2026-06-13 15:38:29,989 INFO o.a.j.t.JMeterThread: Thread started: 大型水库 1-4
2026-06-13 15:38:29,991 INFO o.a.j.t.JMeterThread: Thread started: 大型水库 1-5
2026-06-13 15:38:29,992 INFO o.a.j.t.JMeterThread: Thread started: 大型水库 1-8
2026-06-13 15:38:29,992 INFO o.a.j.t.JMeterThread: Thread started: 大型水库 1-7
2026-06-13 15:38:29,993 INFO o.a.j.t.JMeterThread: Thread started: 大型水库 1-6
2026-06-13 15:38:29,994 INFO o.a.j.t.JMeterThread: Thread started: 大型水库 1-15
2026-06-13 15:38:29,994 INFO o.a.j.t.JMeterThread: Thread started: 大型水库 1-17
2026-06-13 15:38:29,994 INFO o.a.j.t.JMeterThread: Thread started: 大型水库 1-11
2026-06-13 15:38:29,995 INFO o.a.j.t.JMeterThread: Thread started: 大型水库 1-12
2026-06-13 15:38:29,995 INFO o.a.j.t.JMeterThread: Thread started: 大型水库 1-13
2026-06-13 15:38:29,995 INFO o.a.j.t.JMeterThread: Thread started: 大型水库 1-14
2026-06-13 15:38:29,996 INFO o.a.j.t.JMeterThread: Thread started: 大型水库 1-9
2026-06-13 15:38:29,996 INFO o.a.j.t.JMeterThread: Thread started: 大型水库 1-10
2026-06-13 15:38:29,996 INFO o.a.j.t.JMeterThread: Thread started: 大型水库 1-18
2026-06-13 15:38:29,996 INFO o.a.j.t.JMeterThread: Thread started: 大型水库 1-16
2026-06-13 15:38:29,997 INFO o.a.j.t.ThreadGroup: Started thread group number 1
2026-06-13 15:38:29,997 INFO o.a.j.e.StandardJMeterEngine: All thread groups have been started
2026-06-13 15:38:29,997 INFO o.a.j.t.JMeterThread: Thread started: 大型水库 1-21
2026-06-13 15:38:29,997 INFO o.a.j.t.JMeterThread: Thread started: 大型水库 1-22
2026-06-13 15:38:29,997 INFO o.a.j.t.JMeterThread: Thread started: 大型水库 1-19
2026-06-13 15:38:29,997 INFO o.a.j.t.JMeterThread: Thread started: 大型水库 1-20
2026-06-13 15:38:29,998 INFO o.a.j.t.JMeterThread: Thread started: 大型水库 1-24
2026-06-13 15:38:29,998 INFO o.a.j.t.JMeterThread: Thread started: 大型水库 1-23
2026-06-13 15:38:29,999 INFO o.a.j.t.JMeterThread: Thread started: 大型水库 1-25
2026-06-13 15:38:29,999 INFO o.a.j.t.JMeterThread: Thread started: 大型水库 1-26
2026-06-13 15:38:29,999 INFO o.a.j.t.JMeterThread: Thread started: 大型水库 1-27
2026-06-13 15:38:29,999 INFO o.a.j.t.JMeterThread: Thread started: 大型水库 1-28
2026-06-13 15:38:29,999 INFO o.a.j.t.JMeterThread: Thread started: 大型水库 1-30
2026-06-13 15:38:30,000 INFO o.a.j.t.JMeterThread: Thread started: 大型水库 1-29
2026-06-13 15:38:30,000 INFO o.a.j.t.JMeterThread: Thread started: 大型水库 1-31
2026-06-13 15:38:30,000 INFO o.a.j.t.JMeterThread: Thread started: 大型水库 1-32
2026-06-13 15:38:30,001 INFO o.a.j.t.JMeterThread: Thread started: 大型水库 1-33
2026-06-13 15:38:30,001 INFO o.a.j.t.JMeterThread: Thread started: 大型水库 1-35
2026-06-13 15:38:30,001 INFO o.a.j.t.JMeterThread: Thread started: 大型水库 1-37
2026-06-13 15:38:30,002 INFO o.a.j.t.JMeterThread: Thread started: 大型水库 1-36
2026-06-13 15:38:30,002 INFO o.a.j.t.JMeterThread: Thread started: 大型水库 1-38
2026-06-13 15:38:30,002 INFO o.a.j.t.JMeterThread: Thread started: 大型水库 1-40
2026-06-13 15:38:30,003 INFO o.a.j.t.JMeterThread: Thread started: 大型水库 1-39
2026-06-13 15:38:30,003 INFO o.a.j.t.JMeterThread: Thread started: 大型水库 1-34
2026-06-13 15:43:30,074 INFO o.a.j.t.JMeterThread: Stopping because end time detected by thread: 大型水库 1-25
2026-06-13 15:43:30,074 INFO o.a.j.t.JMeterThread: Thread finished: 大型水库 1-25
2026-06-13 15:43:30,096 INFO o.a.j.t.JMeterThread: Stopping because end time detected by thread: 大型水库 1-19
2026-06-13 15:43:30,096 INFO o.a.j.t.JMeterThread: Thread finished: 大型水库 1-19
2026-06-13 15:43:30,111 INFO o.a.j.t.JMeterThread: Stopping because end time detected by thread: 大型水库 1-37
2026-06-13 15:43:30,111 INFO o.a.j.t.JMeterThread: Thread finished: 大型水库 1-37
2026-06-13 15:43:30,164 INFO o.a.j.t.JMeterThread: Stopping because end time detected by thread: 大型水库 1-24
2026-06-13 15:43:30,164 INFO o.a.j.t.JMeterThread: Thread finished: 大型水库 1-24
2026-06-13 15:43:30,211 INFO o.a.j.t.JMeterThread: Stopping because end time detected by thread: 大型水库 1-20
2026-06-13 15:43:30,211 INFO o.a.j.t.JMeterThread: Thread finished: 大型水库 1-20
2026-06-13 15:43:30,297 INFO o.a.j.t.JMeterThread: Stopping because end time detected by thread: 大型水库 1-4
2026-06-13 15:43:30,297 INFO o.a.j.t.JMeterThread: Thread finished: 大型水库 1-4
2026-06-13 15:43:30,300 INFO o.a.j.t.JMeterThread: Stopping because end time detected by thread: 大型水库 1-31
2026-06-13 15:43:30,300 INFO o.a.j.t.JMeterThread: Thread finished: 大型水库 1-31
2026-06-13 15:43:30,315 INFO o.a.j.t.JMeterThread: Stopping because end time detected by thread: 大型水库 1-28
2026-06-13 15:43:30,317 INFO o.a.j.t.JMeterThread: Thread finished: 大型水库 1-28
2026-06-13 15:43:30,322 INFO o.a.j.t.JMeterThread: Stopping because end time detected by thread: 大型水库 1-29
2026-06-13 15:43:30,322 INFO o.a.j.t.JMeterThread: Thread finished: 大型水库 1-29
2026-06-13 15:43:30,328 INFO o.a.j.t.JMeterThread: Stopping because end time detected by thread: 大型水库 1-8
2026-06-13 15:43:30,328 INFO o.a.j.t.JMeterThread: Thread finished: 大型水库 1-8
2026-06-13 15:43:30,403 INFO o.a.j.t.JMeterThread: Stopping because end time detected by thread: 大型水库 1-17
2026-06-13 15:43:30,403 INFO o.a.j.t.JMeterThread: Thread finished: 大型水库 1-17
2026-06-13 15:43:30,409 INFO o.a.j.t.JMeterThread: Stopping because end time detected by thread: 大型水库 1-14
2026-06-13 15:43:30,409 INFO o.a.j.t.JMeterThread: Thread finished: 大型水库 1-14
2026-06-13 15:43:30,417 INFO o.a.j.t.JMeterThread: Stopping because end time detected by thread: 大型水库 1-21
2026-06-13 15:43:30,417 INFO o.a.j.t.JMeterThread: Thread finished: 大型水库 1-21
2026-06-13 15:43:30,420 INFO o.a.j.t.JMeterThread: Stopping because end time detected by thread: 大型水库 1-11
2026-06-13 15:43:30,420 INFO o.a.j.t.JMeterThread: Thread finished: 大型水库 1-11
2026-06-13 15:43:30,443 INFO o.a.j.t.JMeterThread: Stopping because end time detected by thread: 大型水库 1-30
2026-06-13 15:43:30,443 INFO o.a.j.t.JMeterThread: Thread finished: 大型水库 1-30
2026-06-13 15:43:30,453 INFO o.a.j.t.JMeterThread: Stopping because end time detected by thread: 大型水库 1-13
2026-06-13 15:43:30,453 INFO o.a.j.t.JMeterThread: Thread finished: 大型水库 1-13
2026-06-13 15:43:30,466 INFO o.a.j.t.JMeterThread: Stopping because end time detected by thread: 大型水库 1-32
2026-06-13 15:43:30,466 INFO o.a.j.t.JMeterThread: Thread finished: 大型水库 1-32
2026-06-13 15:43:30,514 INFO o.a.j.t.JMeterThread: Stopping because end time detected by thread: 大型水库 1-7
2026-06-13 15:43:30,514 INFO o.a.j.t.JMeterThread: Thread finished: 大型水库 1-7
2026-06-13 15:43:30,514 INFO o.a.j.t.JMeterThread: Stopping because end time detected by thread: 大型水库 1-2
2026-06-13 15:43:30,514 INFO o.a.j.t.JMeterThread: Thread finished: 大型水库 1-2
2026-06-13 15:43:30,533 INFO o.a.j.t.JMeterThread: Stopping because end time detected by thread: 大型水库 1-26
2026-06-13 15:43:30,533 INFO o.a.j.t.JMeterThread: Thread finished: 大型水库 1-26
2026-06-13 15:43:30,533 INFO o.a.j.t.JMeterThread: Stopping because end time detected by thread: 大型水库 1-6
2026-06-13 15:43:30,533 INFO o.a.j.t.JMeterThread: Thread finished: 大型水库 1-6
2026-06-13 15:43:30,557 INFO o.a.j.t.JMeterThread: Stopping because end time detected by thread: 大型水库 1-3
2026-06-13 15:43:30,557 INFO o.a.j.t.JMeterThread: Thread finished: 大型水库 1-3
2026-06-13 15:43:30,620 INFO o.a.j.t.JMeterThread: Stopping because end time detected by thread: 大型水库 1-5
2026-06-13 15:43:30,620 INFO o.a.j.t.JMeterThread: Stopping because end time detected by thread: 大型水库 1-1
2026-06-13 15:43:30,620 INFO o.a.j.t.JMeterThread: Thread finished: 大型水库 1-1
2026-06-13 15:43:30,620 INFO o.a.j.t.JMeterThread: Stopping because end time detected by thread: 大型水库 1-12
2026-06-13 15:43:30,620 INFO o.a.j.t.JMeterThread: Thread finished: 大型水库 1-12
2026-06-13 15:43:30,620 INFO o.a.j.t.JMeterThread: Thread finished: 大型水库 1-5
2026-06-13 15:43:30,659 INFO o.a.j.t.JMeterThread: Stopping because end time detected by thread: 大型水库 1-9
2026-06-13 15:43:30,659 INFO o.a.j.t.JMeterThread: Thread finished: 大型水库 1-9
2026-06-13 15:43:30,682 INFO o.a.j.t.JMeterThread: Stopping because end time detected by thread: 大型水库 1-36
2026-06-13 15:43:30,682 INFO o.a.j.t.JMeterThread: Thread finished: 大型水库 1-36
2026-06-13 15:43:30,697 INFO o.a.j.t.JMeterThread: Stopping because end time detected by thread: 大型水库 1-10
2026-06-13 15:43:30,697 INFO o.a.j.t.JMeterThread: Thread finished: 大型水库 1-10
2026-06-13 15:43:30,751 INFO o.a.j.t.JMeterThread: Stopping because end time detected by thread: 大型水库 1-27
2026-06-13 15:43:30,751 INFO o.a.j.t.JMeterThread: Thread finished: 大型水库 1-27
2026-06-13 15:43:30,774 INFO o.a.j.t.JMeterThread: Stopping because end time detected by thread: 大型水库 1-16
2026-06-13 15:43:30,774 INFO o.a.j.t.JMeterThread: Thread finished: 大型水库 1-16
2026-06-13 15:43:30,789 INFO o.a.j.t.JMeterThread: Stopping because end time detected by thread: 大型水库 1-38
2026-06-13 15:43:30,789 INFO o.a.j.t.JMeterThread: Thread finished: 大型水库 1-38
2026-06-13 15:43:30,810 INFO o.a.j.t.JMeterThread: Stopping because end time detected by thread: 大型水库 1-22
2026-06-13 15:43:30,810 INFO o.a.j.t.JMeterThread: Thread finished: 大型水库 1-22
2026-06-13 15:43:30,864 INFO o.a.j.t.JMeterThread: Stopping because end time detected by thread: 大型水库 1-39
2026-06-13 15:43:30,864 INFO o.a.j.t.JMeterThread: Thread finished: 大型水库 1-39
2026-06-13 15:43:30,904 INFO o.a.j.t.JMeterThread: Stopping because end time detected by thread: 大型水库 1-18
2026-06-13 15:43:30,904 INFO o.a.j.t.JMeterThread: Thread finished: 大型水库 1-18
2026-06-13 15:43:31,012 INFO o.a.j.t.JMeterThread: Stopping because end time detected by thread: 大型水库 1-23
2026-06-13 15:43:31,012 INFO o.a.j.t.JMeterThread: Thread finished: 大型水库 1-23
2026-06-13 15:43:31,279 INFO o.a.j.t.JMeterThread: Stopping because end time detected by thread: 大型水库 1-34
2026-06-13 15:43:31,279 INFO o.a.j.t.JMeterThread: Thread finished: 大型水库 1-34
2026-06-13 15:43:31,377 INFO o.a.j.t.JMeterThread: Stopping because end time detected by thread: 大型水库 1-40
2026-06-13 15:43:31,378 INFO o.a.j.t.JMeterThread: Thread finished: 大型水库 1-40
2026-06-13 15:43:31,796 INFO o.a.j.t.JMeterThread: Stopping because end time detected by thread: 大型水库 1-15
2026-06-13 15:43:31,796 INFO o.a.j.t.JMeterThread: Thread finished: 大型水库 1-15
2026-06-13 15:43:32,242 INFO o.a.j.t.JMeterThread: Stopping because end time detected by thread: 大型水库 1-33
2026-06-13 15:43:32,242 INFO o.a.j.t.JMeterThread: Thread finished: 大型水库 1-33
2026-06-13 15:45:21,666 INFO o.a.j.t.JMeterThread: Stopping because end time detected by thread: 大型水库 1-35
2026-06-13 15:45:21,666 INFO o.a.j.t.JMeterThread: Thread finished: 大型水库 1-35
2026-06-13 15:45:21,666 INFO o.a.j.e.StandardJMeterEngine: Notifying test listeners of end of test
2026-06-13 15:45:21,666 INFO o.a.j.g.u.JMeterMenuBar: setRunning(false, *local*)
2026-06-13 16:08:59,552 INFO o.a.j.e.StandardJMeterEngine: Running the test!
2026-06-13 16:08:59,552 INFO o.a.j.s.SampleEvent: List of sample_variables: []
2026-06-13 16:08:59,552 INFO o.a.j.g.u.JMeterMenuBar: setRunning(true, *local*)
2026-06-13 16:08:59,591 INFO o.a.j.e.StandardJMeterEngine: Starting ThreadGroup: 1 : 重点雨水情
2026-06-13 16:08:59,591 INFO o.a.j.e.StandardJMeterEngine: Starting 40 threads for group 重点雨水情.
2026-06-13 16:08:59,591 INFO o.a.j.e.StandardJMeterEngine: Thread will continue on error
2026-06-13 16:08:59,591 INFO o.a.j.t.ThreadGroup: Starting thread group... number=1 threads=40 ramp-up=0 delayedStart=false
2026-06-13 16:08:59,593 INFO o.a.j.t.JMeterThread: Thread started: 重点雨水情 1-1
2026-06-13 16:08:59,593 INFO o.a.j.t.JMeterThread: Thread started: 重点雨水情 1-2
2026-06-13 16:08:59,593 INFO o.a.j.t.JMeterThread: Thread started: 重点雨水情 1-3
2026-06-13 16:08:59,593 INFO o.a.j.t.JMeterThread: Thread started: 重点雨水情 1-4
2026-06-13 16:08:59,594 INFO o.a.j.t.JMeterThread: Thread started: 重点雨水情 1-5
2026-06-13 16:08:59,595 INFO o.a.j.t.JMeterThread: Thread started: 重点雨水情 1-6
2026-06-13 16:08:59,595 INFO o.a.j.t.JMeterThread: Thread started: 重点雨水情 1-7
2026-06-13 16:08:59,595 INFO o.a.j.t.JMeterThread: Thread started: 重点雨水情 1-14
2026-06-13 16:08:59,596 INFO o.a.j.t.JMeterThread: Thread started: 重点雨水情 1-11
2026-06-13 16:08:59,597 INFO o.a.j.t.JMeterThread: Thread started: 重点雨水情 1-8
2026-06-13 16:08:59,597 INFO o.a.j.t.JMeterThread: Thread started: 重点雨水情 1-9
2026-06-13 16:08:59,597 INFO o.a.j.t.JMeterThread: Thread started: 重点雨水情 1-12
2026-06-13 16:08:59,599 INFO o.a.j.t.JMeterThread: Thread started: 重点雨水情 1-13
2026-06-13 16:08:59,600 INFO o.a.j.t.JMeterThread: Thread started: 重点雨水情 1-10
2026-06-13 16:08:59,600 INFO o.a.j.t.ThreadGroup: Started thread group number 1
2026-06-13 16:08:59,600 INFO o.a.j.e.StandardJMeterEngine: All thread groups have been started
2026-06-13 16:08:59,600 INFO o.a.j.t.JMeterThread: Thread started: 重点雨水情 1-16
2026-06-13 16:08:59,600 INFO o.a.j.t.JMeterThread: Thread started: 重点雨水情 1-15
2026-06-13 16:08:59,600 INFO o.a.j.t.JMeterThread: Thread started: 重点雨水情 1-17
2026-06-13 16:08:59,601 INFO o.a.j.t.JMeterThread: Thread started: 重点雨水情 1-20
2026-06-13 16:08:59,601 INFO o.a.j.t.JMeterThread: Thread started: 重点雨水情 1-21
2026-06-13 16:08:59,601 INFO o.a.j.t.JMeterThread: Thread started: 重点雨水情 1-18
2026-06-13 16:08:59,601 INFO o.a.j.t.JMeterThread: Thread started: 重点雨水情 1-19
2026-06-13 16:08:59,601 INFO o.a.j.t.JMeterThread: Thread started: 重点雨水情 1-22
2026-06-13 16:08:59,602 INFO o.a.j.t.JMeterThread: Thread started: 重点雨水情 1-23
2026-06-13 16:08:59,602 INFO o.a.j.t.JMeterThread: Thread started: 重点雨水情 1-24
2026-06-13 16:08:59,602 INFO o.a.j.t.JMeterThread: Thread started: 重点雨水情 1-26
2026-06-13 16:08:59,602 INFO o.a.j.t.JMeterThread: Thread started: 重点雨水情 1-27
2026-06-13 16:08:59,602 INFO o.a.j.t.JMeterThread: Thread started: 重点雨水情 1-30
2026-06-13 16:08:59,603 INFO o.a.j.t.JMeterThread: Thread started: 重点雨水情 1-31
2026-06-13 16:08:59,603 INFO o.a.j.t.JMeterThread: Thread started: 重点雨水情 1-25
2026-06-13 16:08:59,604 INFO o.a.j.t.JMeterThread: Thread started: 重点雨水情 1-29
2026-06-13 16:08:59,604 INFO o.a.j.t.JMeterThread: Thread started: 重点雨水情 1-32
2026-06-13 16:08:59,604 INFO o.a.j.t.JMeterThread: Thread started: 重点雨水情 1-33
2026-06-13 16:08:59,604 INFO o.a.j.t.JMeterThread: Thread started: 重点雨水情 1-34
2026-06-13 16:08:59,606 INFO o.a.j.t.JMeterThread: Thread started: 重点雨水情 1-35
2026-06-13 16:08:59,606 INFO o.a.j.t.JMeterThread: Thread started: 重点雨水情 1-36
2026-06-13 16:08:59,607 INFO o.a.j.t.JMeterThread: Thread started: 重点雨水情 1-37
2026-06-13 16:08:59,607 INFO o.a.j.t.JMeterThread: Thread started: 重点雨水情 1-38
2026-06-13 16:08:59,608 INFO o.a.j.t.JMeterThread: Thread started: 重点雨水情 1-39
2026-06-13 16:08:59,608 INFO o.a.j.t.JMeterThread: Thread started: 重点雨水情 1-40
2026-06-13 16:08:59,609 INFO o.a.j.t.JMeterThread: Thread started: 重点雨水情 1-28
2026-06-13 16:13:59,652 INFO o.a.j.t.JMeterThread: Stopping because end time detected by thread: 重点雨水情 1-12
2026-06-13 16:13:59,652 INFO o.a.j.t.JMeterThread: Thread finished: 重点雨水情 1-12
2026-06-13 16:13:59,652 INFO o.a.j.t.JMeterThread: Stopping because end time detected by thread: 重点雨水情 1-24
2026-06-13 16:13:59,652 INFO o.a.j.t.JMeterThread: Thread finished: 重点雨水情 1-24
2026-06-13 16:13:59,811 INFO o.a.j.t.JMeterThread: Stopping because end time detected by thread: 重点雨水情 1-30
2026-06-13 16:13:59,811 INFO o.a.j.t.JMeterThread: Stopping because end time detected by thread: 重点雨水情 1-38
2026-06-13 16:13:59,811 INFO o.a.j.t.JMeterThread: Thread finished: 重点雨水情 1-30
2026-06-13 16:13:59,811 INFO o.a.j.t.JMeterThread: Thread finished: 重点雨水情 1-38
2026-06-13 16:13:59,863 INFO o.a.j.t.JMeterThread: Stopping because end time detected by thread: 重点雨水情 1-37
2026-06-13 16:13:59,863 INFO o.a.j.t.JMeterThread: Thread finished: 重点雨水情 1-37
2026-06-13 16:13:59,902 INFO o.a.j.t.JMeterThread: Stopping because end time detected by thread: 重点雨水情 1-3
2026-06-13 16:13:59,902 INFO o.a.j.t.JMeterThread: Thread finished: 重点雨水情 1-3
2026-06-13 16:13:59,945 INFO o.a.j.t.JMeterThread: Stopping because end time detected by thread: 重点雨水情 1-9
2026-06-13 16:13:59,945 INFO o.a.j.t.JMeterThread: Thread finished: 重点雨水情 1-9
2026-06-13 16:13:59,951 INFO o.a.j.t.JMeterThread: Stopping because end time detected by thread: 重点雨水情 1-40
2026-06-13 16:13:59,951 INFO o.a.j.t.JMeterThread: Thread finished: 重点雨水情 1-40
2026-06-13 16:13:59,974 INFO o.a.j.t.JMeterThread: Stopping because end time detected by thread: 重点雨水情 1-34
2026-06-13 16:13:59,974 INFO o.a.j.t.JMeterThread: Thread finished: 重点雨水情 1-34
2026-06-13 16:13:59,985 INFO o.a.j.t.JMeterThread: Stopping because end time detected by thread: 重点雨水情 1-28
2026-06-13 16:13:59,985 INFO o.a.j.t.JMeterThread: Thread finished: 重点雨水情 1-28
2026-06-13 16:14:00,004 INFO o.a.j.t.JMeterThread: Stopping because end time detected by thread: 重点雨水情 1-13
2026-06-13 16:14:00,004 INFO o.a.j.t.JMeterThread: Thread finished: 重点雨水情 1-13
2026-06-13 16:14:00,035 INFO o.a.j.t.JMeterThread: Stopping because end time detected by thread: 重点雨水情 1-19
2026-06-13 16:14:00,035 INFO o.a.j.t.JMeterThread: Thread finished: 重点雨水情 1-19
2026-06-13 16:14:00,035 INFO o.a.j.t.JMeterThread: Stopping because end time detected by thread: 重点雨水情 1-25
2026-06-13 16:14:00,035 INFO o.a.j.t.JMeterThread: Thread finished: 重点雨水情 1-25
2026-06-13 16:14:00,050 INFO o.a.j.t.JMeterThread: Stopping because end time detected by thread: 重点雨水情 1-4
2026-06-13 16:14:00,050 INFO o.a.j.t.JMeterThread: Thread finished: 重点雨水情 1-4
2026-06-13 16:14:00,071 INFO o.a.j.t.JMeterThread: Stopping because end time detected by thread: 重点雨水情 1-26
2026-06-13 16:14:00,071 INFO o.a.j.t.JMeterThread: Thread finished: 重点雨水情 1-26
2026-06-13 16:14:00,097 INFO o.a.j.t.JMeterThread: Stopping because end time detected by thread: 重点雨水情 1-35
2026-06-13 16:14:00,099 INFO o.a.j.t.JMeterThread: Thread finished: 重点雨水情 1-35
2026-06-13 16:14:00,106 INFO o.a.j.t.JMeterThread: Stopping because end time detected by thread: 重点雨水情 1-15
2026-06-13 16:14:00,106 INFO o.a.j.t.JMeterThread: Stopping because end time detected by thread: 重点雨水情 1-17
2026-06-13 16:14:00,106 INFO o.a.j.t.JMeterThread: Thread finished: 重点雨水情 1-15
2026-06-13 16:14:00,106 INFO o.a.j.t.JMeterThread: Thread finished: 重点雨水情 1-17
2026-06-13 16:14:00,120 INFO o.a.j.t.JMeterThread: Stopping because end time detected by thread: 重点雨水情 1-14
2026-06-13 16:14:00,120 INFO o.a.j.t.JMeterThread: Thread finished: 重点雨水情 1-14
2026-06-13 16:14:00,120 INFO o.a.j.t.JMeterThread: Stopping because end time detected by thread: 重点雨水情 1-39
2026-06-13 16:14:00,120 INFO o.a.j.t.JMeterThread: Thread finished: 重点雨水情 1-39
2026-06-13 16:14:00,145 INFO o.a.j.t.JMeterThread: Stopping because end time detected by thread: 重点雨水情 1-21
2026-06-13 16:14:00,145 INFO o.a.j.t.JMeterThread: Thread finished: 重点雨水情 1-21
2026-06-13 16:14:00,176 INFO o.a.j.t.JMeterThread: Stopping because end time detected by thread: 重点雨水情 1-7
2026-06-13 16:14:00,176 INFO o.a.j.t.JMeterThread: Thread finished: 重点雨水情 1-7
2026-06-13 16:14:00,191 INFO o.a.j.t.JMeterThread: Stopping because end time detected by thread: 重点雨水情 1-23
2026-06-13 16:14:00,191 INFO o.a.j.t.JMeterThread: Thread finished: 重点雨水情 1-23
2026-06-13 16:14:00,209 INFO o.a.j.t.JMeterThread: Stopping because end time detected by thread: 重点雨水情 1-36
2026-06-13 16:14:00,210 INFO o.a.j.t.JMeterThread: Thread finished: 重点雨水情 1-36
2026-06-13 16:14:00,220 INFO o.a.j.t.JMeterThread: Stopping because end time detected by thread: 重点雨水情 1-33
2026-06-13 16:14:00,220 INFO o.a.j.t.JMeterThread: Thread finished: 重点雨水情 1-33
2026-06-13 16:14:00,264 INFO o.a.j.t.JMeterThread: Stopping because end time detected by thread: 重点雨水情 1-10
2026-06-13 16:14:00,264 INFO o.a.j.t.JMeterThread: Thread finished: 重点雨水情 1-10
2026-06-13 16:14:00,284 INFO o.a.j.t.JMeterThread: Stopping because end time detected by thread: 重点雨水情 1-18
2026-06-13 16:14:00,284 INFO o.a.j.t.JMeterThread: Thread finished: 重点雨水情 1-18
2026-06-13 16:14:00,355 INFO o.a.j.t.JMeterThread: Stopping because end time detected by thread: 重点雨水情 1-5
2026-06-13 16:14:00,355 INFO o.a.j.t.JMeterThread: Thread finished: 重点雨水情 1-5
2026-06-13 16:14:00,373 INFO o.a.j.t.JMeterThread: Stopping because end time detected by thread: 重点雨水情 1-8
2026-06-13 16:14:00,373 INFO o.a.j.t.JMeterThread: Thread finished: 重点雨水情 1-8
2026-06-13 16:14:00,462 INFO o.a.j.t.JMeterThread: Stopping because end time detected by thread: 重点雨水情 1-31
2026-06-13 16:14:00,462 INFO o.a.j.t.JMeterThread: Stopping because end time detected by thread: 重点雨水情 1-2
2026-06-13 16:14:00,462 INFO o.a.j.t.JMeterThread: Thread finished: 重点雨水情 1-31
2026-06-13 16:14:00,462 INFO o.a.j.t.JMeterThread: Thread finished: 重点雨水情 1-2
2026-06-13 16:14:00,626 INFO o.a.j.t.JMeterThread: Stopping because end time detected by thread: 重点雨水情 1-27
2026-06-13 16:14:00,626 INFO o.a.j.t.JMeterThread: Thread finished: 重点雨水情 1-27
2026-06-13 16:14:00,792 INFO o.a.j.t.JMeterThread: Stopping because end time detected by thread: 重点雨水情 1-20
2026-06-13 16:14:00,792 INFO o.a.j.t.JMeterThread: Thread finished: 重点雨水情 1-20
2026-06-13 16:14:00,861 INFO o.a.j.t.JMeterThread: Stopping because end time detected by thread: 重点雨水情 1-16
2026-06-13 16:14:00,861 INFO o.a.j.t.JMeterThread: Thread finished: 重点雨水情 1-16
2026-06-13 16:14:01,595 INFO o.a.j.t.JMeterThread: Stopping because end time detected by thread: 重点雨水情 1-6
2026-06-13 16:14:01,595 INFO o.a.j.t.JMeterThread: Thread finished: 重点雨水情 1-6
2026-06-13 16:14:03,291 INFO o.a.j.t.JMeterThread: Stopping because end time detected by thread: 重点雨水情 1-29
2026-06-13 16:14:03,291 INFO o.a.j.t.JMeterThread: Thread finished: 重点雨水情 1-29
2026-06-13 16:14:03,372 INFO o.a.j.t.JMeterThread: Stopping because end time detected by thread: 重点雨水情 1-1
2026-06-13 16:14:03,372 INFO o.a.j.t.JMeterThread: Thread finished: 重点雨水情 1-1
2026-06-13 16:14:03,415 INFO o.a.j.t.JMeterThread: Stopping because end time detected by thread: 重点雨水情 1-22
2026-06-13 16:14:03,415 INFO o.a.j.t.JMeterThread: Thread finished: 重点雨水情 1-22
2026-06-13 16:14:03,821 INFO o.a.j.t.JMeterThread: Stopping because end time detected by thread: 重点雨水情 1-11
2026-06-13 16:14:03,821 INFO o.a.j.t.JMeterThread: Thread finished: 重点雨水情 1-11
2026-06-13 16:14:30,760 INFO o.a.j.t.JMeterThread: Stopping because end time detected by thread: 重点雨水情 1-32
2026-06-13 16:14:30,760 INFO o.a.j.t.JMeterThread: Thread finished: 重点雨水情 1-32
2026-06-13 16:14:30,761 INFO o.a.j.e.StandardJMeterEngine: Notifying test listeners of end of test
2026-06-13 16:14:30,761 INFO o.a.j.g.u.JMeterMenuBar: setRunning(false, *local*)
